{"numFailedTestSuites":5,"numFailedTests":16,"numPassedTestSuites":43,"numPassedTests":193,"numPendingTestSuites":0,"numPendingTests":0,"numRuntimeErrorTestSuites":0,"numTodoTests":0,"numTotalTestSuites":48,"numTotalTests":209,"openHandles":[],"snapshot":{"added":0,"didUpdate":false,"failure":false,"filesAdded":0,"filesRemoved":0,"filesRemovedList":[],"filesUnmatched":0,"filesUpdated":0,"matched":0,"total":0,"unchecked":0,"uncheckedKeysByFile":[],"unmatched":0,"updated":0},"startTime":1785959384021,"success":false,"testResults":[{"assertionResults":[{"ancestorTitles":["Menu Component"],"duration":80,"failing":false,"failureDetails":[{}],"failureMessages":["Error: No QueryClient set, use QueryClientProvider to set one\n    at useQueryClient (C:\\Users\\huber.SENECA\\Desktop\\Work\\Meal\\Meal-Selection\\node_modules\\@tanstack\\react-query\\src\\QueryClientProvider.tsx:18:11)\n    at useBaseQuery (C:\\Users\\huber.SENECA\\Desktop\\Work\\Meal\\Meal-Selection\\node_modules\\@tanstack\\react-query\\src\\useBaseQuery.ts:54:18)\n    at useQuery (C:\\Users\\huber.SENECA\\Desktop\\Work\\Meal\\Meal-Selection\\node_modules\\@tanstack\\react-query\\src\\useQuery.ts:46:10)\n    at useMenusQuery (C:\\Users\\huber.SENECA\\Desktop\\Work\\Meal\\Meal-Selection\\src\\api\\useApiQueries.ts:52:11)\n    at Menu (C:\\Users\\huber.SENECA\\Desktop\\Work\\Meal\\Meal-Selection\\src\\pages\\Admin\\Menu\\Menu.tsx:36:35)\n    at Object.react_stack_bottom_frame (C:\\Users\\huber.SENECA\\Desktop\\Work\\Meal\\Meal-Selection\\node_modules\\react-dom\\cjs\\react-dom-client.development.js:25904:20)\n    at renderWithHooks (C:\\Users\\huber.SENECA\\Desktop\\Work\\Meal\\Meal-Selection\\node_modules\\react-dom\\cjs\\react-dom-client.development.js:7662:22)\n    at updateFunctionComponent (C:\\Users\\huber.SENECA\\Desktop\\Work\\Meal\\Meal-Selection\\node_modules\\react-dom\\cjs\\react-dom-client.development.js:10166:19)\n    at beginWork (C:\\Users\\huber.SENECA\\Desktop\\Work\\Meal\\Meal-Selection\\node_modules\\react-dom\\cjs\\react-dom-client.development.js:11778:18)\n    at runWithFiberInDEV (C:\\Users\\huber.SENECA\\Desktop\\Work\\Meal\\Meal-Selection\\node_modules\\react-dom\\cjs\\react-dom-client.development.js:874:13)\n    at performUnitOfWork (C:\\Users\\huber.SENECA\\Desktop\\Work\\Meal\\Meal-Selection\\node_modules\\react-dom\\cjs\\react-dom-client.development.js:17641:22)\n    at workLoopSync (C:\\Users\\huber.SENECA\\Desktop\\Work\\Meal\\Meal-Selection\\node_modules\\react-dom\\cjs\\react-dom-client.development.js:17469:41)\n    at renderRootSync (C:\\Users\\huber.SENECA\\Desktop\\Work\\Meal\\Meal-Selection\\node_modules\\react-dom\\cjs\\react-dom-client.development.js:17450:11)\n    at performWorkOnRoot (C:\\Users\\huber.SENECA\\Desktop\\Work\\Meal\\Meal-Selection\\node_modules\\react-dom\\cjs\\react-dom-client.development.js:16583:35)\n    at performWorkOnRootViaSchedulerTask (C:\\Users\\huber.SENECA\\Desktop\\Work\\Meal\\Meal-Selection\\node_modules\\react-dom\\cjs\\react-dom-client.development.js:18957:7)\n    at flushActQueue (C:\\Users\\huber.SENECA\\Desktop\\Work\\Meal\\Meal-Selection\\node_modules\\react\\cjs\\react.development.js:590:34)\n    at process.env.NODE_ENV.exports.act (C:\\Users\\huber.SENECA\\Desktop\\Work\\Meal\\Meal-Selection\\node_modules\\react\\cjs\\react.development.js:884:10)\n    at C:\\Users\\huber.SENECA\\Desktop\\Work\\Meal\\Meal-Selection\\node_modules\\@testing-library\\react\\dist\\act-compat.js:46:25\n    at renderRoot (C:\\Users\\huber.SENECA\\Desktop\\Work\\Meal\\Meal-Selection\\node_modules\\@testing-library\\react\\dist\\pure.js:189:26)\n    at render (C:\\Users\\huber.SENECA\\Desktop\\Work\\Meal\\Meal-Selection\\node_modules\\@testing-library\\react\\dist\\pure.js:291:10)\n    at Object.<anonymous> (C:\\Users\\huber.SENECA\\Desktop\\Work\\Meal\\Meal-Selection\\src\\pages\\Admin\\Menu\\Menu.test.tsx:12:15)\n    at Promise.finally.completed (C:\\Users\\huber.SENECA\\Desktop\\Work\\Meal\\Meal-Selection\\node_modules\\jest-circus\\build\\jestAdapterInit.js:1557:28)\n    at new Promise (<anonymous>)\n    at callAsyncCircusFn (C:\\Users\\huber.SENECA\\Desktop\\Work\\Meal\\Meal-Selection\\node_modules\\jest-circus\\build\\jestAdapterInit.js:1497:10)\n    at _callCircusTest (C:\\Users\\huber.SENECA\\Desktop\\Work\\Meal\\Meal-Selection\\node_modules\\jest-circus\\build\\jestAdapterInit.js:1007:40)\n    at _runTest (C:\\Users\\huber.SENECA\\Desktop\\Work\\Meal\\Meal-Selection\\node_modules\\jest-circus\\build\\jestAdapterInit.js:947:3)\n    at C:\\Users\\huber.SENECA\\Desktop\\Work\\Meal\\Meal-Selection\\node_modules\\jest-circus\\build\\jestAdapterInit.js:849:7\n    at _runTestsForDescribeBlock (C:\\Users\\huber.SENECA\\Desktop\\Work\\Meal\\Meal-Selection\\node_modules\\jest-circus\\build\\jestAdapterInit.js:862:11)\n    at _runTestsForDescribeBlock (C:\\Users\\huber.SENECA\\Desktop\\Work\\Meal\\Meal-Selection\\node_modules\\jest-circus\\build\\jestAdapterInit.js:857:11)\n    at run (C:\\Users\\huber.SENECA\\Desktop\\Work\\Meal\\Meal-Selection\\node_modules\\jest-circus\\build\\jestAdapterInit.js:761:3)\n    at runAndTransformResultsToJestFormat (C:\\Users\\huber.SENECA\\Desktop\\Work\\Meal\\Meal-Selection\\node_modules\\jest-circus\\build\\jestAdapterInit.js:1918:21)\n    at jestAdapter (C:\\Users\\huber.SENECA\\Desktop\\Work\\Meal\\Meal-Selection\\node_modules\\jest-circus\\build\\runner.js:101:19)\n    at runTestInternal (C:\\Users\\huber.SENECA\\Desktop\\Work\\Meal\\Meal-Selection\\node_modules\\jest-runner\\build\\index.js:275:16)\n    at runTest (C:\\Users\\huber.SENECA\\Desktop\\Work\\Meal\\Meal-Selection\\node_modules\\jest-runner\\build\\index.js:343:7)"],"fullName":"Menu Component renders empty page when no menus exist","invocations":1,"location":null,"numPassingAsserts":0,"retryReasons":[],"startAt":1785959396388,"status":"failed","title":"renders empty page when no menus exist"},{"ancestorTitles":["Menu Component"],"duration":8,"failing":false,"failureDetails":[{}],"failureMessages":["Error: No QueryClient set, use QueryClientProvider to set one\n    at useQueryClient (C:\\Users\\huber.SENECA\\Desktop\\Work\\Meal\\Meal-Selection\\node_modules\\@tanstack\\react-query\\src\\QueryClientProvider.tsx:18:11)\n    at useBaseQuery (C:\\Users\\huber.SENECA\\Desktop\\Work\\Meal\\Meal-Selection\\node_modules\\@tanstack\\react-query\\src\\useBaseQuery.ts:54:18)\n    at useQuery (C:\\Users\\huber.SENECA\\Desktop\\Work\\Meal\\Meal-Selection\\node_modules\\@tanstack\\react-query\\src\\useQuery.ts:46:10)\n    at useMenusQuery (C:\\Users\\huber.SENECA\\Desktop\\Work\\Meal\\Meal-Selection\\src\\api\\useApiQueries.ts:52:11)\n    at Menu (C:\\Users\\huber.SENECA\\Desktop\\Work\\Meal\\Meal-Selection\\src\\pages\\Admin\\Menu\\Menu.tsx:36:35)\n    at Object.react_stack_bottom_frame (C:\\Users\\huber.SENECA\\Desktop\\Work\\Meal\\Meal-Selection\\node_modules\\react-dom\\cjs\\react-dom-client.development.js:25904:20)\n    at renderWithHooks (C:\\Users\\huber.SENECA\\Desktop\\Work\\Meal\\Meal-Selection\\node_modules\\react-dom\\cjs\\react-dom-client.development.js:7662:22)\n    at updateFunctionComponent (C:\\Users\\huber.SENECA\\Desktop\\Work\\Meal\\Meal-Selection\\node_modules\\react-dom\\cjs\\react-dom-client.development.js:10166:19)\n    at beginWork (C:\\Users\\huber.SENECA\\Desktop\\Work\\Meal\\Meal-Selection\\node_modules\\react-dom\\cjs\\react-dom-client.development.js:11778:18)\n    at runWithFiberInDEV (C:\\Users\\huber.SENECA\\Desktop\\Work\\Meal\\Meal-Selection\\node_modules\\react-dom\\cjs\\react-dom-client.development.js:874:13)\n    at performUnitOfWork (C:\\Users\\huber.SENECA\\Desktop\\Work\\Meal\\Meal-Selection\\node_modules\\react-dom\\cjs\\react-dom-client.development.js:17641:22)\n    at workLoopSync (C:\\Users\\huber.SENECA\\Desktop\\Work\\Meal\\Meal-Selection\\node_modules\\react-dom\\cjs\\react-dom-client.development.js:17469:41)\n    at renderRootSync (C:\\Users\\huber.SENECA\\Desktop\\Work\\Meal\\Meal-Selection\\node_modules\\react-dom\\cjs\\react-dom-client.development.js:17450:11)\n    at performWorkOnRoot (C:\\Users\\huber.SENECA\\Desktop\\Work\\Meal\\Meal-Selection\\node_modules\\react-dom\\cjs\\react-dom-client.development.js:16583:35)\n    at performWorkOnRootViaSchedulerTask (C:\\Users\\huber.SENECA\\Desktop\\Work\\Meal\\Meal-Selection\\node_modules\\react-dom\\cjs\\react-dom-client.development.js:18957:7)\n    at flushActQueue (C:\\Users\\huber.SENECA\\Desktop\\Work\\Meal\\Meal-Selection\\node_modules\\react\\cjs\\react.development.js:590:34)\n    at process.env.NODE_ENV.exports.act (C:\\Users\\huber.SENECA\\Desktop\\Work\\Meal\\Meal-Selection\\node_modules\\react\\cjs\\react.development.js:884:10)\n    at C:\\Users\\huber.SENECA\\Desktop\\Work\\Meal\\Meal-Selection\\node_modules\\@testing-library\\react\\dist\\act-compat.js:46:25\n    at renderRoot (C:\\Users\\huber.SENECA\\Desktop\\Work\\Meal\\Meal-Selection\\node_modules\\@testing-library\\react\\dist\\pure.js:189:26)\n    at render (C:\\Users\\huber.SENECA\\Desktop\\Work\\Meal\\Meal-Selection\\node_modules\\@testing-library\\react\\dist\\pure.js:291:10)\n    at Object.<anonymous> (C:\\Users\\huber.SENECA\\Desktop\\Work\\Meal\\Meal-Selection\\src\\pages\\Admin\\Menu\\Menu.test.tsx:25:15)\n    at Promise.finally.completed (C:\\Users\\huber.SENECA\\Desktop\\Work\\Meal\\Meal-Selection\\node_modules\\jest-circus\\build\\jestAdapterInit.js:1557:28)\n    at new Promise (<anonymous>)\n    at callAsyncCircusFn (C:\\Users\\huber.SENECA\\Desktop\\Work\\Meal\\Meal-Selection\\node_modules\\jest-circus\\build\\jestAdapterInit.js:1497:10)\n    at _callCircusTest (C:\\Users\\huber.SENECA\\Desktop\\Work\\Meal\\Meal-Selection\\node_modules\\jest-circus\\build\\jestAdapterInit.js:1007:40)\n    at _runTest (C:\\Users\\huber.SENECA\\Desktop\\Work\\Meal\\Meal-Selection\\node_modules\\jest-circus\\build\\jestAdapterInit.js:947:3)\n    at C:\\Users\\huber.SENECA\\Desktop\\Work\\Meal\\Meal-Selection\\node_modules\\jest-circus\\build\\jestAdapterInit.js:849:7\n    at _runTestsForDescribeBlock (C:\\Users\\huber.SENECA\\Desktop\\Work\\Meal\\Meal-Selection\\node_modules\\jest-circus\\build\\jestAdapterInit.js:862:11)\n    at _runTestsForDescribeBlock (C:\\Users\\huber.SENECA\\Desktop\\Work\\Meal\\Meal-Selection\\node_modules\\jest-circus\\build\\jestAdapterInit.js:857:11)\n    at run (C:\\Users\\huber.SENECA\\Desktop\\Work\\Meal\\Meal-Selection\\node_modules\\jest-circus\\build\\jestAdapterInit.js:761:3)\n    at runAndTransformResultsToJestFormat (C:\\Users\\huber.SENECA\\Desktop\\Work\\Meal\\Meal-Selection\\node_modules\\jest-circus\\build\\jestAdapterInit.js:1918:21)\n    at jestAdapter (C:\\Users\\huber.SENECA\\Desktop\\Work\\Meal\\Meal-Selection\\node_modules\\jest-circus\\build\\runner.js:101:19)\n    at runTestInternal (C:\\Users\\huber.SENECA\\Desktop\\Work\\Meal\\Meal-Selection\\node_modules\\jest-runner\\build\\index.js:275:16)\n    at runTest (C:\\Users\\huber.SENECA\\Desktop\\Work\\Meal\\Meal-Selection\\node_modules\\jest-runner\\build\\index.js:343:7)"],"fullName":"Menu Component renders menus from localStorage","invocations":1,"location":null,"numPassingAsserts":0,"retryReasons":[],"startAt":1785959396507,"status":"failed","title":"renders menus from localStorage"},{"ancestorTitles":["Menu Component"],"duration":4,"failing":false,"failureDetails":[{}],"failureMessages":["Error: No QueryClient set, use QueryClientProvider to set one\n    at useQueryClient (C:\\Users\\huber.SENECA\\Desktop\\Work\\Meal\\Meal-Selection\\node_modules\\@tanstack\\react-query\\src\\QueryClientProvider.tsx:18:11)\n    at useBaseQuery (C:\\Users\\huber.SENECA\\Desktop\\Work\\Meal\\Meal-Selection\\node_modules\\@tanstack\\react-query\\src\\useBaseQuery.ts:54:18)\n    at useQuery (C:\\Users\\huber.SENECA\\Desktop\\Work\\Meal\\Meal-Selection\\node_modules\\@tanstack\\react-query\\src\\useQuery.ts:46:10)\n    at useMenusQuery (C:\\Users\\huber.SENECA\\Desktop\\Work\\Meal\\Meal-Selection\\src\\api\\useApiQueries.ts:52:11)\n    at Menu (C:\\Users\\huber.SENECA\\Desktop\\Work\\Meal\\Meal-Selection\\src\\pages\\Admin\\Menu\\Menu.tsx:36:35)\n    at Object.react_stack_bottom_frame (C:\\Users\\huber.SENECA\\Desktop\\Work\\Meal\\Meal-Selection\\node_modules\\react-dom\\cjs\\react-dom-client.development.js:25904:20)\n    at renderWithHooks (C:\\Users\\huber.SENECA\\Desktop\\Work\\Meal\\Meal-Selection\\node_modules\\react-dom\\cjs\\react-dom-client.development.js:7662:22)\n    at updateFunctionComponent (C:\\Users\\huber.SENECA\\Desktop\\Work\\Meal\\Meal-Selection\\node_modules\\react-dom\\cjs\\react-dom-client.development.js:10166:19)\n    at beginWork (C:\\Users\\huber.SENECA\\Desktop\\Work\\Meal\\Meal-Selection\\node_modules\\react-dom\\cjs\\react-dom-client.development.js:11778:18)\n    at runWithFiberInDEV (C:\\Users\\huber.SENECA\\Desktop\\Work\\Meal\\Meal-Selection\\node_modules\\react-dom\\cjs\\react-dom-client.development.js:874:13)\n    at performUnitOfWork (C:\\Users\\huber.SENECA\\Desktop\\Work\\Meal\\Meal-Selection\\node_modules\\react-dom\\cjs\\react-dom-client.development.js:17641:22)\n    at workLoopSync (C:\\Users\\huber.SENECA\\Desktop\\Work\\Meal\\Meal-Selection\\node_modules\\react-dom\\cjs\\react-dom-client.development.js:17469:41)\n    at renderRootSync (C:\\Users\\huber.SENECA\\Desktop\\Work\\Meal\\Meal-Selection\\node_modules\\react-dom\\cjs\\react-dom-client.development.js:17450:11)\n    at performWorkOnRoot (C:\\Users\\huber.SENECA\\Desktop\\Work\\Meal\\Meal-Selection\\node_modules\\react-dom\\cjs\\react-dom-client.development.js:16583:35)\n    at performWorkOnRootViaSchedulerTask (C:\\Users\\huber.SENECA\\Desktop\\Work\\Meal\\Meal-Selection\\node_modules\\react-dom\\cjs\\react-dom-client.development.js:18957:7)\n    at flushActQueue (C:\\Users\\huber.SENECA\\Desktop\\Work\\Meal\\Meal-Selection\\node_modules\\react\\cjs\\react.development.js:590:34)\n    at process.env.NODE_ENV.exports.act (C:\\Users\\huber.SENECA\\Desktop\\Work\\Meal\\Meal-Selection\\node_modules\\react\\cjs\\react.development.js:884:10)\n    at C:\\Users\\huber.SENECA\\Desktop\\Work\\Meal\\Meal-Selection\\node_modules\\@testing-library\\react\\dist\\act-compat.js:46:25\n    at renderRoot (C:\\Users\\huber.SENECA\\Desktop\\Work\\Meal\\Meal-Selection\\node_modules\\@testing-library\\react\\dist\\pure.js:189:26)\n    at render (C:\\Users\\huber.SENECA\\Desktop\\Work\\Meal\\Meal-Selection\\node_modules\\@testing-library\\react\\dist\\pure.js:291:10)\n    at Object.<anonymous> (C:\\Users\\huber.SENECA\\Desktop\\Work\\Meal\\Meal-Selection\\src\\pages\\Admin\\Menu\\Menu.test.tsx:39:15)\n    at Promise.finally.completed (C:\\Users\\huber.SENECA\\Desktop\\Work\\Meal\\Meal-Selection\\node_modules\\jest-circus\\build\\jestAdapterInit.js:1557:28)\n    at new Promise (<anonymous>)\n    at callAsyncCircusFn (C:\\Users\\huber.SENECA\\Desktop\\Work\\Meal\\Meal-Selection\\node_modules\\jest-circus\\build\\jestAdapterInit.js:1497:10)\n    at _callCircusTest (C:\\Users\\huber.SENECA\\Desktop\\Work\\Meal\\Meal-Selection\\node_modules\\jest-circus\\build\\jestAdapterInit.js:1007:40)\n    at _runTest (C:\\Users\\huber.SENECA\\Desktop\\Work\\Meal\\Meal-Selection\\node_modules\\jest-circus\\build\\jestAdapterInit.js:947:3)\n    at C:\\Users\\huber.SENECA\\Desktop\\Work\\Meal\\Meal-Selection\\node_modules\\jest-circus\\build\\jestAdapterInit.js:849:7\n    at _runTestsForDescribeBlock (C:\\Users\\huber.SENECA\\Desktop\\Work\\Meal\\Meal-Selection\\node_modules\\jest-circus\\build\\jestAdapterInit.js:862:11)\n    at _runTestsForDescribeBlock (C:\\Users\\huber.SENECA\\Desktop\\Work\\Meal\\Meal-Selection\\node_modules\\jest-circus\\build\\jestAdapterInit.js:857:11)\n    at run (C:\\Users\\huber.SENECA\\Desktop\\Work\\Meal\\Meal-Selection\\node_modules\\jest-circus\\build\\jestAdapterInit.js:761:3)\n    at runAndTransformResultsToJestFormat (C:\\Users\\huber.SENECA\\Desktop\\Work\\Meal\\Meal-Selection\\node_modules\\jest-circus\\build\\jestAdapterInit.js:1918:21)\n    at jestAdapter (C:\\Users\\huber.SENECA\\Desktop\\Work\\Meal\\Meal-Selection\\node_modules\\jest-circus\\build\\runner.js:101:19)\n    at runTestInternal (C:\\Users\\huber.SENECA\\Desktop\\Work\\Meal\\Meal-Selection\\node_modules\\jest-runner\\build\\index.js:275:16)\n    at runTest (C:\\Users\\huber.SENECA\\Desktop\\Work\\Meal\\Meal-Selection\\node_modules\\jest-runner\\build\\index.js:343:7)"],"fullName":"Menu Component opens dropdown and can select a menu","invocations":1,"location":null,"numPassingAsserts":0,"retryReasons":[],"startAt":1785959396516,"status":"failed","title":"opens dropdown and can select a menu"},{"ancestorTitles":["Menu Component"],"duration":12,"failing":false,"failureDetails":[{}],"failureMessages":["Error: No QueryClient set, use QueryClientProvider to set one\n    at useQueryClient (C:\\Users\\huber.SENECA\\Desktop\\Work\\Meal\\Meal-Selection\\node_modules\\@tanstack\\react-query\\src\\QueryClientProvider.tsx:18:11)\n    at useBaseQuery (C:\\Users\\huber.SENECA\\Desktop\\Work\\Meal\\Meal-Selection\\node_modules\\@tanstack\\react-query\\src\\useBaseQuery.ts:54:18)\n    at useQuery (C:\\Users\\huber.SENECA\\Desktop\\Work\\Meal\\Meal-Selection\\node_modules\\@tanstack\\react-query\\src\\useQuery.ts:46:10)\n    at useMenusQuery (C:\\Users\\huber.SENECA\\Desktop\\Work\\Meal\\Meal-Selection\\src\\api\\useApiQueries.ts:52:11)\n    at Menu (C:\\Users\\huber.SENECA\\Desktop\\Work\\Meal\\Meal-Selection\\src\\pages\\Admin\\Menu\\Menu.tsx:36:35)\n    at Object.react_stack_bottom_frame (C:\\Users\\huber.SENECA\\Desktop\\Work\\Meal\\Meal-Selection\\node_modules\\react-dom\\cjs\\react-dom-client.development.js:25904:20)\n    at renderWithHooks (C:\\Users\\huber.SENECA\\Desktop\\Work\\Meal\\Meal-Selection\\node_modules\\react-dom\\cjs\\react-dom-client.development.js:7662:22)\n    at updateFunctionComponent (C:\\Users\\huber.SENECA\\Desktop\\Work\\Meal\\Meal-Selection\\node_modules\\react-dom\\cjs\\react-dom-client.development.js:10166:19)\n    at beginWork (C:\\Users\\huber.SENECA\\Desktop\\Work\\Meal\\Meal-Selection\\node_modules\\react-dom\\cjs\\react-dom-client.development.js:11778:18)\n    at runWithFiberInDEV (C:\\Users\\huber.SENECA\\Desktop\\Work\\Meal\\Meal-Selection\\node_modules\\react-dom\\cjs\\react-dom-client.development.js:874:13)\n    at performUnitOfWork (C:\\Users\\huber.SENECA\\Desktop\\Work\\Meal\\Meal-Selection\\node_modules\\react-dom\\cjs\\react-dom-client.development.js:17641:22)\n    at workLoopSync (C:\\Users\\huber.SENECA\\Desktop\\Work\\Meal\\Meal-Selection\\node_modules\\react-dom\\cjs\\react-dom-client.development.js:17469:41)\n    at renderRootSync (C:\\Users\\huber.SENECA\\Desktop\\Work\\Meal\\Meal-Selection\\node_modules\\react-dom\\cjs\\react-dom-client.development.js:17450:11)\n    at performWorkOnRoot (C:\\Users\\huber.SENECA\\Desktop\\Work\\Meal\\Meal-Selection\\node_modules\\react-dom\\cjs\\react-dom-client.development.js:16583:35)\n    at performWorkOnRootViaSchedulerTask (C:\\Users\\huber.SENECA\\Desktop\\Work\\Meal\\Meal-Selection\\node_modules\\react-dom\\cjs\\react-dom-client.development.js:18957:7)\n    at flushActQueue (C:\\Users\\huber.SENECA\\Desktop\\Work\\Meal\\Meal-Selection\\node_modules\\react\\cjs\\react.development.js:590:34)\n    at process.env.NODE_ENV.exports.act (C:\\Users\\huber.SENECA\\Desktop\\Work\\Meal\\Meal-Selection\\node_modules\\react\\cjs\\react.development.js:884:10)\n    at C:\\Users\\huber.SENECA\\Desktop\\Work\\Meal\\Meal-Selection\\node_modules\\@testing-library\\react\\dist\\act-compat.js:46:25\n    at renderRoot (C:\\Users\\huber.SENECA\\Desktop\\Work\\Meal\\Meal-Selection\\node_modules\\@testing-library\\react\\dist\\pure.js:189:26)\n    at render (C:\\Users\\huber.SENECA\\Desktop\\Work\\Meal\\Meal-Selection\\node_modules\\@testing-library\\react\\dist\\pure.js:291:10)\n    at Object.<anonymous> (C:\\Users\\huber.SENECA\\Desktop\\Work\\Meal\\Meal-Selection\\src\\pages\\Admin\\Menu\\Menu.test.tsx:56:15)\n    at Promise.finally.completed (C:\\Users\\huber.SENECA\\Desktop\\Work\\Meal\\Meal-Selection\\node_modules\\jest-circus\\build\\jestAdapterInit.js:1557:28)\n    at new Promise (<anonymous>)\n    at callAsyncCircusFn (C:\\Users\\huber.SENECA\\Desktop\\Work\\Meal\\Meal-Selection\\node_modules\\jest-circus\\build\\jestAdapterInit.js:1497:10)\n    at _callCircusTest (C:\\Users\\huber.SENECA\\Desktop\\Work\\Meal\\Meal-Selection\\node_modules\\jest-circus\\build\\jestAdapterInit.js:1007:40)\n    at _runTest (C:\\Users\\huber.SENECA\\Desktop\\Work\\Meal\\Meal-Selection\\node_modules\\jest-circus\\build\\jestAdapterInit.js:947:3)\n    at C:\\Users\\huber.SENECA\\Desktop\\Work\\Meal\\Meal-Selection\\node_modules\\jest-circus\\build\\jestAdapterInit.js:849:7\n    at _runTestsForDescribeBlock (C:\\Users\\huber.SENECA\\Desktop\\Work\\Meal\\Meal-Selection\\node_modules\\jest-circus\\build\\jestAdapterInit.js:862:11)\n    at _runTestsForDescribeBlock (C:\\Users\\huber.SENECA\\Desktop\\Work\\Meal\\Meal-Selection\\node_modules\\jest-circus\\build\\jestAdapterInit.js:857:11)\n    at run (C:\\Users\\huber.SENECA\\Desktop\\Work\\Meal\\Meal-Selection\\node_modules\\jest-circus\\build\\jestAdapterInit.js:761:3)\n    at runAndTransformResultsToJestFormat (C:\\Users\\huber.SENECA\\Desktop\\Work\\Meal\\Meal-Selection\\node_modules\\jest-circus\\build\\jestAdapterInit.js:1918:21)\n    at jestAdapter (C:\\Users\\huber.SENECA\\Desktop\\Work\\Meal\\Meal-Selection\\node_modules\\jest-circus\\build\\runner.js:101:19)\n    at runTestInternal (C:\\Users\\huber.SENECA\\Desktop\\Work\\Meal\\Meal-Selection\\node_modules\\jest-runner\\build\\index.js:275:16)\n    at runTest (C:\\Users\\huber.SENECA\\Desktop\\Work\\Meal\\Meal-Selection\\node_modules\\jest-runner\\build\\index.js:343:7)"],"fullName":"Menu Component opens add menu modal and redirects when name is entered","invocations":1,"location":null,"numPassingAsserts":0,"retryReasons":[],"startAt":1785959396521,"status":"failed","title":"opens add menu modal and redirects when name is entered"}],"endTime":1785959396599,"message":"\u001b[1m\u001b[31m  \u001b[1m● \u001b[22m\u001b[1mMenu Component › renders empty page when no menus exist\u001b[39m\u001b[22m\n\n    No QueryClient set, use QueryClientProvider to set one\n\u001b[2m\u001b[22m\n\u001b[2m    \u001b[0m \u001b[90m 50 |\u001b[39m\u001b[22m\n\u001b[2m     \u001b[90m 51 |\u001b[39m \u001b[36mexport\u001b[39m \u001b[36mconst\u001b[39m useMenusQuery \u001b[33m=\u001b[39m () \u001b[33m=>\u001b[39m\u001b[22m\n\u001b[2m    \u001b[31m\u001b[1m>\u001b[22m\u001b[2m\u001b[39m\u001b[90m 52 |\u001b[39m   useQuery({ queryKey\u001b[33m:\u001b[39m queryKeys\u001b[33m.\u001b[39mmenus\u001b[33m,\u001b[39m queryFn\u001b[33m:\u001b[39m menuService\u001b[33m.\u001b[39mgetAll })\u001b[33m;\u001b[39m\u001b[22m\n\u001b[2m     \u001b[90m    |\u001b[39m           \u001b[31m\u001b[1m^\u001b[22m\u001b[2m\u001b[39m\u001b[22m\n\u001b[2m     \u001b[90m 53 |\u001b[39m\u001b[22m\n\u001b[2m     \u001b[90m 54 |\u001b[39m \u001b[36mexport\u001b[39m \u001b[36mconst\u001b[39m useMenuQuery \u001b[33m=\u001b[39m (menuId\u001b[33m:\u001b[39m number) \u001b[33m=>\u001b[39m\u001b[22m\n\u001b[2m     \u001b[90m 55 |\u001b[39m   useQuery({\u001b[0m\u001b[22m\n\u001b[2m\u001b[22m\n\u001b[2m      \u001b[2mat useQueryClient (\u001b[22m\u001b[2mnode_modules/@tanstack/react-query/src/QueryClientProvider.tsx\u001b[2m:18:11)\u001b[22m\u001b[2m\u001b[22m\n\u001b[2m      \u001b[2mat useBaseQuery (\u001b[22m\u001b[2mnode_modules/@tanstack/react-query/src/useBaseQuery.ts\u001b[2m:54:18)\u001b[22m\u001b[2m\u001b[22m\n\u001b[2m      \u001b[2mat useQuery (\u001b[22m\u001b[2mnode_modules/@tanstack/react-query/src/useQuery.ts\u001b[2m:46:10)\u001b[22m\u001b[2m\u001b[22m\n\u001b[2m      \u001b[2mat useMenusQuery (\u001b[22m\u001b[2msrc/api/useApiQueries.ts\u001b[2m:52:11)\u001b[22m\u001b[2m\u001b[22m\n\u001b[2m      \u001b[2mat Menu (\u001b[22m\u001b[2msrc/pages/Admin/Menu/Menu.tsx\u001b[2m:36:35)\u001b[22m\u001b[2m\u001b[22m\n\u001b[2m      \u001b[2mat Object.react_stack_bottom_frame (\u001b[22m\u001b[2mnode_modules/react-dom/cjs/react-dom-client.development.js\u001b[2m:25904:20)\u001b[22m\u001b[2m\u001b[22m\n\u001b[2m      \u001b[2mat renderWithHooks (\u001b[22m\u001b[2mnode_modules/react-dom/cjs/react-dom-client.development.js\u001b[2m:7662:22)\u001b[22m\u001b[2m\u001b[22m\n\u001b[2m      \u001b[2mat updateFunctionComponent (\u001b[22m\u001b[2mnode_modules/react-dom/cjs/react-dom-client.development.js\u001b[2m:10166:19)\u001b[22m\u001b[2m\u001b[22m\n\u001b[2m      \u001b[2mat beginWork (\u001b[22m\u001b[2mnode_modules/react-dom/cjs/react-dom-client.development.js\u001b[2m:11778:18)\u001b[22m\u001b[2m\u001b[22m\n\u001b[2m      \u001b[2mat runWithFiberInDEV (\u001b[22m\u001b[2mnode_modules/react-dom/cjs/react-dom-client.development.js\u001b[2m:874:13)\u001b[22m\u001b[2m\u001b[22m\n\u001b[2m      \u001b[2mat performUnitOfWork (\u001b[22m\u001b[2mnode_modules/react-dom/cjs/react-dom-client.development.js\u001b[2m:17641:22)\u001b[22m\u001b[2m\u001b[22m\n\u001b[2m      \u001b[2mat workLoopSync (\u001b[22m\u001b[2mnode_modules/react-dom/cjs/react-dom-client.development.js\u001b[2m:17469:41)\u001b[22m\u001b[2m\u001b[22m\n\u001b[2m      \u001b[2mat renderRootSync (\u001b[22m\u001b[2mnode_modules/react-dom/cjs/react-dom-client.development.js\u001b[2m:17450:11)\u001b[22m\u001b[2m\u001b[22m\n\u001b[2m      \u001b[2mat performWorkOnRoot (\u001b[22m\u001b[2mnode_modules/react-dom/cjs/react-dom-client.development.js\u001b[2m:16583:35)\u001b[22m\u001b[2m\u001b[22m\n\u001b[2m      \u001b[2mat performWorkOnRootViaSchedulerTask (\u001b[22m\u001b[2mnode_modules/react-dom/cjs/react-dom-client.development.js\u001b[2m:18957:7)\u001b[22m\u001b[2m\u001b[22m\n\u001b[2m      \u001b[2mat flushActQueue (\u001b[22m\u001b[2mnode_modules/react/cjs/react.development.js\u001b[2m:590:34)\u001b[22m\u001b[2m\u001b[22m\n\u001b[2m      \u001b[2mat process.env.NODE_ENV.exports.act (\u001b[22m\u001b[2mnode_modules/react/cjs/react.development.js\u001b[2m:884:10)\u001b[22m\u001b[2m\u001b[22m\n\u001b[2m      \u001b[2mat \u001b[22m\u001b[2mnode_modules/@testing-library/react/dist/act-compat.js\u001b[2m:46:25\u001b[22m\u001b[2m\u001b[22m\n\u001b[2m      \u001b[2mat renderRoot (\u001b[22m\u001b[2mnode_modules/@testing-library/react/dist/pure.js\u001b[2m:189:26)\u001b[22m\u001b[2m\u001b[22m\n\u001b[2m      \u001b[2mat render (\u001b[22m\u001b[2mnode_modules/@testing-library/react/dist/pure.js\u001b[2m:291:10)\u001b[22m\u001b[2m\u001b[22m\n\u001b[2m      \u001b[2mat Object.<anonymous> (\u001b[22m\u001b[2m\u001b[0m\u001b[36msrc/pages/Admin/Menu/Menu.test.tsx\u001b[39m\u001b[0m\u001b[2m:12:15)\u001b[22m\u001b[2m\u001b[22m\n\n\u001b[1m\u001b[31m  \u001b[1m● \u001b[22m\u001b[1mMenu Component › renders menus from localStorage\u001b[39m\u001b[22m\n\n    No QueryClient set, use QueryClientProvider to set one\n\u001b[2m\u001b[22m\n\u001b[2m    \u001b[0m \u001b[90m 50 |\u001b[39m\u001b[22m\n\u001b[2m     \u001b[90m 51 |\u001b[39m \u001b[36mexport\u001b[39m \u001b[36mconst\u001b[39m useMenusQuery \u001b[33m=\u001b[39m () \u001b[33m=>\u001b[39m\u001b[22m\n\u001b[2m    \u001b[31m\u001b[1m>\u001b[22m\u001b[2m\u001b[39m\u001b[90m 52 |\u001b[39m   useQuery({ queryKey\u001b[33m:\u001b[39m queryKeys\u001b[33m.\u001b[39mmenus\u001b[33m,\u001b[39m queryFn\u001b[33m:\u001b[39m menuService\u001b[33m.\u001b[39mgetAll })\u001b[33m;\u001b[39m\u001b[22m\n\u001b[2m     \u001b[90m    |\u001b[39m           \u001b[31m\u001b[1m^\u001b[22m\u001b[2m\u001b[39m\u001b[22m\n\u001b[2m     \u001b[90m 53 |\u001b[39m\u001b[22m\n\u001b[2m     \u001b[90m 54 |\u001b[39m \u001b[36mexport\u001b[39m \u001b[36mconst\u001b[39m useMenuQuery \u001b[33m=\u001b[39m (menuId\u001b[33m:\u001b[39m number) \u001b[33m=>\u001b[39m\u001b[22m\n\u001b[2m     \u001b[90m 55 |\u001b[39m   useQuery({\u001b[0m\u001b[22m\n\u001b[2m\u001b[22m\n\u001b[2m      \u001b[2mat useQueryClient (\u001b[22m\u001b[2mnode_modules/@tanstack/react-query/src/QueryClientProvider.tsx\u001b[2m:18:11)\u001b[22m\u001b[2m\u001b[22m\n\u001b[2m      \u001b[2mat useBaseQuery (\u001b[22m\u001b[2mnode_modules/@tanstack/react-query/src/useBaseQuery.ts\u001b[2m:54:18)\u001b[22m\u001b[2m\u001b[22m\n\u001b[2m      \u001b[2mat useQuery (\u001b[22m\u001b[2mnode_modules/@tanstack/react-query/src/useQuery.ts\u001b[2m:46:10)\u001b[22m\u001b[2m\u001b[22m\n\u001b[2m      \u001b[2mat useMenusQuery (\u001b[22m\u001b[2msrc/api/useApiQueries.ts\u001b[2m:52:11)\u001b[22m\u001b[2m\u001b[22m\n\u001b[2m      \u001b[2mat Menu (\u001b[22m\u001b[2msrc/pages/Admin/Menu/Menu.tsx\u001b[2m:36:35)\u001b[22m\u001b[2m\u001b[22m\n\u001b[2m      \u001b[2mat Object.react_stack_bottom_frame (\u001b[22m\u001b[2mnode_modules/react-dom/cjs/react-dom-client.development.js\u001b[2m:25904:20)\u001b[22m\u001b[2m\u001b[22m\n\u001b[2m      \u001b[2mat renderWithHooks (\u001b[22m\u001b[2mnode_modules/react-dom/cjs/react-dom-client.development.js\u001b[2m:7662:22)\u001b[22m\u001b[2m\u001b[22m\n\u001b[2m      \u001b[2mat updateFunctionComponent (\u001b[22m\u001b[2mnode_modules/react-dom/cjs/react-dom-client.development.js\u001b[2m:10166:19)\u001b[22m\u001b[2m\u001b[22m\n\u001b[2m      \u001b[2mat beginWork (\u001b[22m\u001b[2mnode_modules/react-dom/cjs/react-dom-client.development.js\u001b[2m:11778:18)\u001b[22m\u001b[2m\u001b[22m\n\u001b[2m      \u001b[2mat runWithFiberInDEV (\u001b[22m\u001b[2mnode_modules/react-dom/cjs/react-dom-client.development.js\u001b[2m:874:13)\u001b[22m\u001b[2m\u001b[22m\n\u001b[2m      \u001b[2mat performUnitOfWork (\u001b[22m\u001b[2mnode_modules/react-dom/cjs/react-dom-client.development.js\u001b[2m:17641:22)\u001b[22m\u001b[2m\u001b[22m\n\u001b[2m      \u001b[2mat workLoopSync (\u001b[22m\u001b[2mnode_modules/react-dom/cjs/react-dom-client.development.js\u001b[2m:17469:41)\u001b[22m\u001b[2m\u001b[22m\n\u001b[2m      \u001b[2mat renderRootSync (\u001b[22m\u001b[2mnode_modules/react-dom/cjs/react-dom-client.development.js\u001b[2m:17450:11)\u001b[22m\u001b[2m\u001b[22m\n\u001b[2m      \u001b[2mat performWorkOnRoot (\u001b[22m\u001b[2mnode_modules/react-dom/cjs/react-dom-client.development.js\u001b[2m:16583:35)\u001b[22m\u001b[2m\u001b[22m\n\u001b[2m      \u001b[2mat performWorkOnRootViaSchedulerTask (\u001b[22m\u001b[2mnode_modules/react-dom/cjs/react-dom-client.development.js\u001b[2m:18957:7)\u001b[22m\u001b[2m\u001b[22m\n\u001b[2m      \u001b[2mat flushActQueue (\u001b[22m\u001b[2mnode_modules/react/cjs/react.development.js\u001b[2m:590:34)\u001b[22m\u001b[2m\u001b[22m\n\u001b[2m      \u001b[2mat process.env.NODE_ENV.exports.act (\u001b[22m\u001b[2mnode_modules/react/cjs/react.development.js\u001b[2m:884:10)\u001b[22m\u001b[2m\u001b[22m\n\u001b[2m      \u001b[2mat \u001b[22m\u001b[2mnode_modules/@testing-library/react/dist/act-compat.js\u001b[2m:46:25\u001b[22m\u001b[2m\u001b[22m\n\u001b[2m      \u001b[2mat renderRoot (\u001b[22m\u001b[2mnode_modules/@testing-library/react/dist/pure.js\u001b[2m:189:26)\u001b[22m\u001b[2m\u001b[22m\n\u001b[2m      \u001b[2mat render (\u001b[22m\u001b[2mnode_modules/@testing-library/react/dist/pure.js\u001b[2m:291:10)\u001b[22m\u001b[2m\u001b[22m\n\u001b[2m      \u001b[2mat Object.<anonymous> (\u001b[22m\u001b[2m\u001b[0m\u001b[36msrc/pages/Admin/Menu/Menu.test.tsx\u001b[39m\u001b[0m\u001b[2m:25:15)\u001b[22m\u001b[2m\u001b[22m\n\n\u001b[1m\u001b[31m  \u001b[1m● \u001b[22m\u001b[1mMenu Component › opens dropdown and can select a menu\u001b[39m\u001b[22m\n\n    No QueryClient set, use QueryClientProvider to set one\n\u001b[2m\u001b[22m\n\u001b[2m    \u001b[0m \u001b[90m 50 |\u001b[39m\u001b[22m\n\u001b[2m     \u001b[90m 51 |\u001b[39m \u001b[36mexport\u001b[39m \u001b[36mconst\u001b[39m useMenusQuery \u001b[33m=\u001b[39m () \u001b[33m=>\u001b[39m\u001b[22m\n\u001b[2m    \u001b[31m\u001b[1m>\u001b[22m\u001b[2m\u001b[39m\u001b[90m 52 |\u001b[39m   useQuery({ queryKey\u001b[33m:\u001b[39m queryKeys\u001b[33m.\u001b[39mmenus\u001b[33m,\u001b[39m queryFn\u001b[33m:\u001b[39m menuService\u001b[33m.\u001b[39mgetAll })\u001b[33m;\u001b[39m\u001b[22m\n\u001b[2m     \u001b[90m    |\u001b[39m           \u001b[31m\u001b[1m^\u001b[22m\u001b[2m\u001b[39m\u001b[22m\n\u001b[2m     \u001b[90m 53 |\u001b[39m\u001b[22m\n\u001b[2m     \u001b[90m 54 |\u001b[39m \u001b[36mexport\u001b[39m \u001b[36mconst\u001b[39m useMenuQuery \u001b[33m=\u001b[39m (menuId\u001b[33m:\u001b[39m number) \u001b[33m=>\u001b[39m\u001b[22m\n\u001b[2m     \u001b[90m 55 |\u001b[39m   useQuery({\u001b[0m\u001b[22m\n\u001b[2m\u001b[22m\n\u001b[2m      \u001b[2mat useQueryClient (\u001b[22m\u001b[2mnode_modules/@tanstack/react-query/src/QueryClientProvider.tsx\u001b[2m:18:11)\u001b[22m\u001b[2m\u001b[22m\n\u001b[2m      \u001b[2mat useBaseQuery (\u001b[22m\u001b[2mnode_modules/@tanstack/react-query/src/useBaseQuery.ts\u001b[2m:54:18)\u001b[22m\u001b[2m\u001b[22m\n\u001b[2m      \u001b[2mat useQuery (\u001b[22m\u001b[2mnode_modules/@tanstack/react-query/src/useQuery.ts\u001b[2m:46:10)\u001b[22m\u001b[2m\u001b[22m\n\u001b[2m      \u001b[2mat useMenusQuery (\u001b[22m\u001b[2msrc/api/useApiQueries.ts\u001b[2m:52:11)\u001b[22m\u001b[2m\u001b[22m\n\u001b[2m      \u001b[2mat Menu (\u001b[22m\u001b[2msrc/pages/Admin/Menu/Menu.tsx\u001b[2m:36:35)\u001b[22m\u001b[2m\u001b[22m\n\u001b[2m      \u001b[2mat Object.react_stack_bottom_frame (\u001b[22m\u001b[2mnode_modules/react-dom/cjs/react-dom-client.development.js\u001b[2m:25904:20)\u001b[22m\u001b[2m\u001b[22m\n\u001b[2m      \u001b[2mat renderWithHooks (\u001b[22m\u001b[2mnode_modules/react-dom/cjs/react-dom-client.development.js\u001b[2m:7662:22)\u001b[22m\u001b[2m\u001b[22m\n\u001b[2m      \u001b[2mat updateFunctionComponent (\u001b[22m\u001b[2mnode_modules/react-dom/cjs/react-dom-client.development.js\u001b[2m:10166:19)\u001b[22m\u001b[2m\u001b[22m\n\u001b[2m      \u001b[2mat beginWork (\u001b[22m\u001b[2mnode_modules/react-dom/cjs/react-dom-client.development.js\u001b[2m:11778:18)\u001b[22m\u001b[2m\u001b[22m\n\u001b[2m      \u001b[2mat runWithFiberInDEV (\u001b[22m\u001b[2mnode_modules/react-dom/cjs/react-dom-client.development.js\u001b[2m:874:13)\u001b[22m\u001b[2m\u001b[22m\n\u001b[2m      \u001b[2mat performUnitOfWork (\u001b[22m\u001b[2mnode_modules/react-dom/cjs/react-dom-client.development.js\u001b[2m:17641:22)\u001b[22m\u001b[2m\u001b[22m\n\u001b[2m      \u001b[2mat workLoopSync (\u001b[22m\u001b[2mnode_modules/react-dom/cjs/react-dom-client.development.js\u001b[2m:17469:41)\u001b[22m\u001b[2m\u001b[22m\n\u001b[2m      \u001b[2mat renderRootSync (\u001b[22m\u001b[2mnode_modules/react-dom/cjs/react-dom-client.development.js\u001b[2m:17450:11)\u001b[22m\u001b[2m\u001b[22m\n\u001b[2m      \u001b[2mat performWorkOnRoot (\u001b[22m\u001b[2mnode_modules/react-dom/cjs/react-dom-client.development.js\u001b[2m:16583:35)\u001b[22m\u001b[2m\u001b[22m\n\u001b[2m      \u001b[2mat performWorkOnRootViaSchedulerTask (\u001b[22m\u001b[2mnode_modules/react-dom/cjs/react-dom-client.development.js\u001b[2m:18957:7)\u001b[22m\u001b[2m\u001b[22m\n\u001b[2m      \u001b[2mat flushActQueue (\u001b[22m\u001b[2mnode_modules/react/cjs/react.development.js\u001b[2m:590:34)\u001b[22m\u001b[2m\u001b[22m\n\u001b[2m      \u001b[2mat process.env.NODE_ENV.exports.act (\u001b[22m\u001b[2mnode_modules/react/cjs/react.development.js\u001b[2m:884:10)\u001b[22m\u001b[2m\u001b[22m\n\u001b[2m      \u001b[2mat \u001b[22m\u001b[2mnode_modules/@testing-library/react/dist/act-compat.js\u001b[2m:46:25\u001b[22m\u001b[2m\u001b[22m\n\u001b[2m      \u001b[2mat renderRoot (\u001b[22m\u001b[2mnode_modules/@testing-library/react/dist/pure.js\u001b[2m:189:26)\u001b[22m\u001b[2m\u001b[22m\n\u001b[2m      \u001b[2mat render (\u001b[22m\u001b[2mnode_modules/@testing-library/react/dist/pure.js\u001b[2m:291:10)\u001b[22m\u001b[2m\u001b[22m\n\u001b[2m      \u001b[2mat Object.<anonymous> (\u001b[22m\u001b[2m\u001b[0m\u001b[36msrc/pages/Admin/Menu/Menu.test.tsx\u001b[39m\u001b[0m\u001b[2m:39:15)\u001b[22m\u001b[2m\u001b[22m\n\n\u001b[1m\u001b[31m  \u001b[1m● \u001b[22m\u001b[1mMenu Component › opens add menu modal and redirects when name is entered\u001b[39m\u001b[22m\n\n    No QueryClient set, use QueryClientProvider to set one\n\u001b[2m\u001b[22m\n\u001b[2m    \u001b[0m \u001b[90m 50 |\u001b[39m\u001b[22m\n\u001b[2m     \u001b[90m 51 |\u001b[39m \u001b[36mexport\u001b[39m \u001b[36mconst\u001b[39m useMenusQuery \u001b[33m=\u001b[39m () \u001b[33m=>\u001b[39m\u001b[22m\n\u001b[2m    \u001b[31m\u001b[1m>\u001b[22m\u001b[2m\u001b[39m\u001b[90m 52 |\u001b[39m   useQuery({ queryKey\u001b[33m:\u001b[39m queryKeys\u001b[33m.\u001b[39mmenus\u001b[33m,\u001b[39m queryFn\u001b[33m:\u001b[39m menuService\u001b[33m.\u001b[39mgetAll })\u001b[33m;\u001b[39m\u001b[22m\n\u001b[2m     \u001b[90m    |\u001b[39m           \u001b[31m\u001b[1m^\u001b[22m\u001b[2m\u001b[39m\u001b[22m\n\u001b[2m     \u001b[90m 53 |\u001b[39m\u001b[22m\n\u001b[2m     \u001b[90m 54 |\u001b[39m \u001b[36mexport\u001b[39m \u001b[36mconst\u001b[39m useMenuQuery \u001b[33m=\u001b[39m (menuId\u001b[33m:\u001b[39m number) \u001b[33m=>\u001b[39m\u001b[22m\n\u001b[2m     \u001b[90m 55 |\u001b[39m   useQuery({\u001b[0m\u001b[22m\n\u001b[2m\u001b[22m\n\u001b[2m      \u001b[2mat useQueryClient (\u001b[22m\u001b[2mnode_modules/@tanstack/react-query/src/QueryClientProvider.tsx\u001b[2m:18:11)\u001b[22m\u001b[2m\u001b[22m\n\u001b[2m      \u001b[2mat useBaseQuery (\u001b[22m\u001b[2mnode_modules/@tanstack/react-query/src/useBaseQuery.ts\u001b[2m:54:18)\u001b[22m\u001b[2m\u001b[22m\n\u001b[2m      \u001b[2mat useQuery (\u001b[22m\u001b[2mnode_modules/@tanstack/react-query/src/useQuery.ts\u001b[2m:46:10)\u001b[22m\u001b[2m\u001b[22m\n\u001b[2m      \u001b[2mat useMenusQuery (\u001b[22m\u001b[2msrc/api/useApiQueries.ts\u001b[2m:52:11)\u001b[22m\u001b[2m\u001b[22m\n\u001b[2m      \u001b[2mat Menu (\u001b[22m\u001b[2msrc/pages/Admin/Menu/Menu.tsx\u001b[2m:36:35)\u001b[22m\u001b[2m\u001b[22m\n\u001b[2m      \u001b[2mat Object.react_stack_bottom_frame (\u001b[22m\u001b[2mnode_modules/react-dom/cjs/react-dom-client.development.js\u001b[2m:25904:20)\u001b[22m\u001b[2m\u001b[22m\n\u001b[2m      \u001b[2mat renderWithHooks (\u001b[22m\u001b[2mnode_modules/react-dom/cjs/react-dom-client.development.js\u001b[2m:7662:22)\u001b[22m\u001b[2m\u001b[22m\n\u001b[2m      \u001b[2mat updateFunctionComponent (\u001b[22m\u001b[2mnode_modules/react-dom/cjs/react-dom-client.development.js\u001b[2m:10166:19)\u001b[22m\u001b[2m\u001b[22m\n\u001b[2m      \u001b[2mat beginWork (\u001b[22m\u001b[2mnode_modules/react-dom/cjs/react-dom-client.development.js\u001b[2m:11778:18)\u001b[22m\u001b[2m\u001b[22m\n\u001b[2m      \u001b[2mat runWithFiberInDEV (\u001b[22m\u001b[2mnode_modules/react-dom/cjs/react-dom-client.development.js\u001b[2m:874:13)\u001b[22m\u001b[2m\u001b[22m\n\u001b[2m      \u001b[2mat performUnitOfWork (\u001b[22m\u001b[2mnode_modules/react-dom/cjs/react-dom-client.development.js\u001b[2m:17641:22)\u001b[22m\u001b[2m\u001b[22m\n\u001b[2m      \u001b[2mat workLoopSync (\u001b[22m\u001b[2mnode_modules/react-dom/cjs/react-dom-client.development.js\u001b[2m:17469:41)\u001b[22m\u001b[2m\u001b[22m\n\u001b[2m      \u001b[2mat renderRootSync (\u001b[22m\u001b[2mnode_modules/react-dom/cjs/react-dom-client.development.js\u001b[2m:17450:11)\u001b[22m\u001b[2m\u001b[22m\n\u001b[2m      \u001b[2mat performWorkOnRoot (\u001b[22m\u001b[2mnode_modules/react-dom/cjs/react-dom-client.development.js\u001b[2m:16583:35)\u001b[22m\u001b[2m\u001b[22m\n\u001b[2m      \u001b[2mat performWorkOnRootViaSchedulerTask (\u001b[22m\u001b[2mnode_modules/react-dom/cjs/react-dom-client.development.js\u001b[2m:18957:7)\u001b[22m\u001b[2m\u001b[22m\n\u001b[2m      \u001b[2mat flushActQueue (\u001b[22m\u001b[2mnode_modules/react/cjs/react.development.js\u001b[2m:590:34)\u001b[22m\u001b[2m\u001b[22m\n\u001b[2m      \u001b[2mat process.env.NODE_ENV.exports.act (\u001b[22m\u001b[2mnode_modules/react/cjs/react.development.js\u001b[2m:884:10)\u001b[22m\u001b[2m\u001b[22m\n\u001b[2m      \u001b[2mat \u001b[22m\u001b[2mnode_modules/@testing-library/react/dist/act-compat.js\u001b[2m:46:25\u001b[22m\u001b[2m\u001b[22m\n\u001b[2m      \u001b[2mat renderRoot (\u001b[22m\u001b[2mnode_modules/@testing-library/react/dist/pure.js\u001b[2m:189:26)\u001b[22m\u001b[2m\u001b[22m\n\u001b[2m      \u001b[2mat render (\u001b[22m\u001b[2mnode_modules/@testing-library/react/dist/pure.js\u001b[2m:291:10)\u001b[22m\u001b[2m\u001b[22m\n\u001b[2m      \u001b[2mat Object.<anonymous> (\u001b[22m\u001b[2m\u001b[0m\u001b[36msrc/pages/Admin/Menu/Menu.test.tsx\u001b[39m\u001b[0m\u001b[2m:56:15)\u001b[22m\u001b[2m\u001b[22m\n","name":"C:\\Users\\huber.SENECA\\Desktop\\Work\\Meal\\Meal-Selection\\src\\pages\\Admin\\Menu\\Menu.test.tsx","startTime":1785959385941,"status":"failed","summary":""},{"assertionResults":[{"ancestorTitles":["Activities Component"],"duration":46,"failing":false,"failureDetails":[{}],"failureMessages":["Error: useAuth must be used within an AuthProvider\n    at useAuth (C:\\Users\\huber.SENECA\\Desktop\\Work\\Meal\\Meal-Selection\\src\\pages\\Auth\\useAuth\\useAuth.tsx:7:15)\n    at TitleBar (C:\\Users\\huber.SENECA\\Desktop\\Work\\Meal\\Meal-Selection\\src\\components\\TitleBar\\TitleBar.tsx:5:40)\n    at Object.react_stack_bottom_frame (C:\\Users\\huber.SENECA\\Desktop\\Work\\Meal\\Meal-Selection\\node_modules\\react-dom\\cjs\\react-dom-client.development.js:25904:20)\n    at renderWithHooks (C:\\Users\\huber.SENECA\\Desktop\\Work\\Meal\\Meal-Selection\\node_modules\\react-dom\\cjs\\react-dom-client.development.js:7662:22)\n    at updateFunctionComponent (C:\\Users\\huber.SENECA\\Desktop\\Work\\Meal\\Meal-Selection\\node_modules\\react-dom\\cjs\\react-dom-client.development.js:10166:19)\n    at beginWork (C:\\Users\\huber.SENECA\\Desktop\\Work\\Meal\\Meal-Selection\\node_modules\\react-dom\\cjs\\react-dom-client.development.js:11778:18)\n    at runWithFiberInDEV (C:\\Users\\huber.SENECA\\Desktop\\Work\\Meal\\Meal-Selection\\node_modules\\react-dom\\cjs\\react-dom-client.development.js:874:13)\n    at performUnitOfWork (C:\\Users\\huber.SENECA\\Desktop\\Work\\Meal\\Meal-Selection\\node_modules\\react-dom\\cjs\\react-dom-client.development.js:17641:22)\n    at workLoopSync (C:\\Users\\huber.SENECA\\Desktop\\Work\\Meal\\Meal-Selection\\node_modules\\react-dom\\cjs\\react-dom-client.development.js:17469:41)\n    at renderRootSync (C:\\Users\\huber.SENECA\\Desktop\\Work\\Meal\\Meal-Selection\\node_modules\\react-dom\\cjs\\react-dom-client.development.js:17450:11)\n    at performWorkOnRoot (C:\\Users\\huber.SENECA\\Desktop\\Work\\Meal\\Meal-Selection\\node_modules\\react-dom\\cjs\\react-dom-client.development.js:16583:35)\n    at performWorkOnRootViaSchedulerTask (C:\\Users\\huber.SENECA\\Desktop\\Work\\Meal\\Meal-Selection\\node_modules\\react-dom\\cjs\\react-dom-client.development.js:18957:7)\n    at flushActQueue (C:\\Users\\huber.SENECA\\Desktop\\Work\\Meal\\Meal-Selection\\node_modules\\react\\cjs\\react.development.js:590:34)\n    at process.env.NODE_ENV.exports.act (C:\\Users\\huber.SENECA\\Desktop\\Work\\Meal\\Meal-Selection\\node_modules\\react\\cjs\\react.development.js:884:10)\n    at C:\\Users\\huber.SENECA\\Desktop\\Work\\Meal\\Meal-Selection\\node_modules\\@testing-library\\react\\dist\\act-compat.js:46:25\n    at renderRoot (C:\\Users\\huber.SENECA\\Desktop\\Work\\Meal\\Meal-Selection\\node_modules\\@testing-library\\react\\dist\\pure.js:189:26)\n    at render (C:\\Users\\huber.SENECA\\Desktop\\Work\\Meal\\Meal-Selection\\node_modules\\@testing-library\\react\\dist\\pure.js:291:10)\n    at Object.<anonymous> (C:\\Users\\huber.SENECA\\Desktop\\Work\\Meal\\Meal-Selection\\src\\pages\\Admin\\Activities.test.tsx:7:15)\n    at Promise.finally.completed (C:\\Users\\huber.SENECA\\Desktop\\Work\\Meal\\Meal-Selection\\node_modules\\jest-circus\\build\\jestAdapterInit.js:1557:28)\n    at new Promise (<anonymous>)\n    at callAsyncCircusFn (C:\\Users\\huber.SENECA\\Desktop\\Work\\Meal\\Meal-Selection\\node_modules\\jest-circus\\build\\jestAdapterInit.js:1497:10)\n    at _callCircusTest (C:\\Users\\huber.SENECA\\Desktop\\Work\\Meal\\Meal-Selection\\node_modules\\jest-circus\\build\\jestAdapterInit.js:1007:40)\n    at _runTest (C:\\Users\\huber.SENECA\\Desktop\\Work\\Meal\\Meal-Selection\\node_modules\\jest-circus\\build\\jestAdapterInit.js:947:3)\n    at C:\\Users\\huber.SENECA\\Desktop\\Work\\Meal\\Meal-Selection\\node_modules\\jest-circus\\build\\jestAdapterInit.js:849:7\n    at _runTestsForDescribeBlock (C:\\Users\\huber.SENECA\\Desktop\\Work\\Meal\\Meal-Selection\\node_modules\\jest-circus\\build\\jestAdapterInit.js:862:11)\n    at _runTestsForDescribeBlock (C:\\Users\\huber.SENECA\\Desktop\\Work\\Meal\\Meal-Selection\\node_modules\\jest-circus\\build\\jestAdapterInit.js:857:11)\n    at run (C:\\Users\\huber.SENECA\\Desktop\\Work\\Meal\\Meal-Selection\\node_modules\\jest-circus\\build\\jestAdapterInit.js:761:3)\n    at runAndTransformResultsToJestFormat (C:\\Users\\huber.SENECA\\Desktop\\Work\\Meal\\Meal-Selection\\node_modules\\jest-circus\\build\\jestAdapterInit.js:1918:21)\n    at jestAdapter (C:\\Users\\huber.SENECA\\Desktop\\Work\\Meal\\Meal-Selection\\node_modules\\jest-circus\\build\\runner.js:101:19)\n    at runTestInternal (C:\\Users\\huber.SENECA\\Desktop\\Work\\Meal\\Meal-Selection\\node_modules\\jest-runner\\build\\index.js:275:16)\n    at runTest (C:\\Users\\huber.SENECA\\Desktop\\Work\\Meal\\Meal-Selection\\node_modules\\jest-runner\\build\\index.js:343:7)"],"fullName":"Activities Component renders the header and all activity cards","invocations":1,"location":null,"numPassingAsserts":0,"retryReasons":[],"startAt":1785959397044,"status":"failed","title":"renders the header and all activity cards"},{"ancestorTitles":["Activities Component"],"duration":10,"failing":false,"failureDetails":[{}],"failureMessages":["Error: useAuth must be used within an AuthProvider\n    at useAuth (C:\\Users\\huber.SENECA\\Desktop\\Work\\Meal\\Meal-Selection\\src\\pages\\Auth\\useAuth\\useAuth.tsx:7:15)\n    at TitleBar (C:\\Users\\huber.SENECA\\Desktop\\Work\\Meal\\Meal-Selection\\src\\components\\TitleBar\\TitleBar.tsx:5:40)\n    at Object.react_stack_bottom_frame (C:\\Users\\huber.SENECA\\Desktop\\Work\\Meal\\Meal-Selection\\node_modules\\react-dom\\cjs\\react-dom-client.development.js:25904:20)\n    at renderWithHooks (C:\\Users\\huber.SENECA\\Desktop\\Work\\Meal\\Meal-Selection\\node_modules\\react-dom\\cjs\\react-dom-client.development.js:7662:22)\n    at updateFunctionComponent (C:\\Users\\huber.SENECA\\Desktop\\Work\\Meal\\Meal-Selection\\node_modules\\react-dom\\cjs\\react-dom-client.development.js:10166:19)\n    at beginWork (C:\\Users\\huber.SENECA\\Desktop\\Work\\Meal\\Meal-Selection\\node_modules\\react-dom\\cjs\\react-dom-client.development.js:11778:18)\n    at runWithFiberInDEV (C:\\Users\\huber.SENECA\\Desktop\\Work\\Meal\\Meal-Selection\\node_modules\\react-dom\\cjs\\react-dom-client.development.js:874:13)\n    at performUnitOfWork (C:\\Users\\huber.SENECA\\Desktop\\Work\\Meal\\Meal-Selection\\node_modules\\react-dom\\cjs\\react-dom-client.development.js:17641:22)\n    at workLoopSync (C:\\Users\\huber.SENECA\\Desktop\\Work\\Meal\\Meal-Selection\\node_modules\\react-dom\\cjs\\react-dom-client.development.js:17469:41)\n    at renderRootSync (C:\\Users\\huber.SENECA\\Desktop\\Work\\Meal\\Meal-Selection\\node_modules\\react-dom\\cjs\\react-dom-client.development.js:17450:11)\n    at performWorkOnRoot (C:\\Users\\huber.SENECA\\Desktop\\Work\\Meal\\Meal-Selection\\node_modules\\react-dom\\cjs\\react-dom-client.development.js:16583:35)\n    at performWorkOnRootViaSchedulerTask (C:\\Users\\huber.SENECA\\Desktop\\Work\\Meal\\Meal-Selection\\node_modules\\react-dom\\cjs\\react-dom-client.development.js:18957:7)\n    at flushActQueue (C:\\Users\\huber.SENECA\\Desktop\\Work\\Meal\\Meal-Selection\\node_modules\\react\\cjs\\react.development.js:590:34)\n    at process.env.NODE_ENV.exports.act (C:\\Users\\huber.SENECA\\Desktop\\Work\\Meal\\Meal-Selection\\node_modules\\react\\cjs\\react.development.js:884:10)\n    at C:\\Users\\huber.SENECA\\Desktop\\Work\\Meal\\Meal-Selection\\node_modules\\@testing-library\\react\\dist\\act-compat.js:46:25\n    at renderRoot (C:\\Users\\huber.SENECA\\Desktop\\Work\\Meal\\Meal-Selection\\node_modules\\@testing-library\\react\\dist\\pure.js:189:26)\n    at render (C:\\Users\\huber.SENECA\\Desktop\\Work\\Meal\\Meal-Selection\\node_modules\\@testing-library\\react\\dist\\pure.js:291:10)\n    at Object.<anonymous> (C:\\Users\\huber.SENECA\\Desktop\\Work\\Meal\\Meal-Selection\\src\\pages\\Admin\\Activities.test.tsx:21:15)\n    at Promise.finally.completed (C:\\Users\\huber.SENECA\\Desktop\\Work\\Meal\\Meal-Selection\\node_modules\\jest-circus\\build\\jestAdapterInit.js:1557:28)\n    at new Promise (<anonymous>)\n    at callAsyncCircusFn (C:\\Users\\huber.SENECA\\Desktop\\Work\\Meal\\Meal-Selection\\node_modules\\jest-circus\\build\\jestAdapterInit.js:1497:10)\n    at _callCircusTest (C:\\Users\\huber.SENECA\\Desktop\\Work\\Meal\\Meal-Selection\\node_modules\\jest-circus\\build\\jestAdapterInit.js:1007:40)\n    at _runTest (C:\\Users\\huber.SENECA\\Desktop\\Work\\Meal\\Meal-Selection\\node_modules\\jest-circus\\build\\jestAdapterInit.js:947:3)\n    at C:\\Users\\huber.SENECA\\Desktop\\Work\\Meal\\Meal-Selection\\node_modules\\jest-circus\\build\\jestAdapterInit.js:849:7\n    at _runTestsForDescribeBlock (C:\\Users\\huber.SENECA\\Desktop\\Work\\Meal\\Meal-Selection\\node_modules\\jest-circus\\build\\jestAdapterInit.js:862:11)\n    at _runTestsForDescribeBlock (C:\\Users\\huber.SENECA\\Desktop\\Work\\Meal\\Meal-Selection\\node_modules\\jest-circus\\build\\jestAdapterInit.js:857:11)\n    at run (C:\\Users\\huber.SENECA\\Desktop\\Work\\Meal\\Meal-Selection\\node_modules\\jest-circus\\build\\jestAdapterInit.js:761:3)\n    at runAndTransformResultsToJestFormat (C:\\Users\\huber.SENECA\\Desktop\\Work\\Meal\\Meal-Selection\\node_modules\\jest-circus\\build\\jestAdapterInit.js:1918:21)\n    at jestAdapter (C:\\Users\\huber.SENECA\\Desktop\\Work\\Meal\\Meal-Selection\\node_modules\\jest-circus\\build\\runner.js:101:19)\n    at runTestInternal (C:\\Users\\huber.SENECA\\Desktop\\Work\\Meal\\Meal-Selection\\node_modules\\jest-runner\\build\\index.js:275:16)\n    at runTest (C:\\Users\\huber.SENECA\\Desktop\\Work\\Meal\\Meal-Selection\\node_modules\\jest-runner\\build\\index.js:343:7)"],"fullName":"Activities Component navigates when activity cards are clicked","invocations":1,"location":null,"numPassingAsserts":0,"retryReasons":[],"startAt":1785959397096,"status":"failed","title":"navigates when activity cards are clicked"},{"ancestorTitles":["Activities Component"],"duration":6,"failing":false,"failureDetails":[{}],"failureMessages":["Error: useAuth must be used within an AuthProvider\n    at useAuth (C:\\Users\\huber.SENECA\\Desktop\\Work\\Meal\\Meal-Selection\\src\\pages\\Auth\\useAuth\\useAuth.tsx:7:15)\n    at TitleBar (C:\\Users\\huber.SENECA\\Desktop\\Work\\Meal\\Meal-Selection\\src\\components\\TitleBar\\TitleBar.tsx:5:40)\n    at Object.react_stack_bottom_frame (C:\\Users\\huber.SENECA\\Desktop\\Work\\Meal\\Meal-Selection\\node_modules\\react-dom\\cjs\\react-dom-client.development.js:25904:20)\n    at renderWithHooks (C:\\Users\\huber.SENECA\\Desktop\\Work\\Meal\\Meal-Selection\\node_modules\\react-dom\\cjs\\react-dom-client.development.js:7662:22)\n    at updateFunctionComponent (C:\\Users\\huber.SENECA\\Desktop\\Work\\Meal\\Meal-Selection\\node_modules\\react-dom\\cjs\\react-dom-client.development.js:10166:19)\n    at beginWork (C:\\Users\\huber.SENECA\\Desktop\\Work\\Meal\\Meal-Selection\\node_modules\\react-dom\\cjs\\react-dom-client.development.js:11778:18)\n    at runWithFiberInDEV (C:\\Users\\huber.SENECA\\Desktop\\Work\\Meal\\Meal-Selection\\node_modules\\react-dom\\cjs\\react-dom-client.development.js:874:13)\n    at performUnitOfWork (C:\\Users\\huber.SENECA\\Desktop\\Work\\Meal\\Meal-Selection\\node_modules\\react-dom\\cjs\\react-dom-client.development.js:17641:22)\n    at workLoopSync (C:\\Users\\huber.SENECA\\Desktop\\Work\\Meal\\Meal-Selection\\node_modules\\react-dom\\cjs\\react-dom-client.development.js:17469:41)\n    at renderRootSync (C:\\Users\\huber.SENECA\\Desktop\\Work\\Meal\\Meal-Selection\\node_modules\\react-dom\\cjs\\react-dom-client.development.js:17450:11)\n    at performWorkOnRoot (C:\\Users\\huber.SENECA\\Desktop\\Work\\Meal\\Meal-Selection\\node_modules\\react-dom\\cjs\\react-dom-client.development.js:16583:35)\n    at performWorkOnRootViaSchedulerTask (C:\\Users\\huber.SENECA\\Desktop\\Work\\Meal\\Meal-Selection\\node_modules\\react-dom\\cjs\\react-dom-client.development.js:18957:7)\n    at flushActQueue (C:\\Users\\huber.SENECA\\Desktop\\Work\\Meal\\Meal-Selection\\node_modules\\react\\cjs\\react.development.js:590:34)\n    at process.env.NODE_ENV.exports.act (C:\\Users\\huber.SENECA\\Desktop\\Work\\Meal\\Meal-Selection\\node_modules\\react\\cjs\\react.development.js:884:10)\n    at C:\\Users\\huber.SENECA\\Desktop\\Work\\Meal\\Meal-Selection\\node_modules\\@testing-library\\react\\dist\\act-compat.js:46:25\n    at renderRoot (C:\\Users\\huber.SENECA\\Desktop\\Work\\Meal\\Meal-Selection\\node_modules\\@testing-library\\react\\dist\\pure.js:189:26)\n    at render (C:\\Users\\huber.SENECA\\Desktop\\Work\\Meal\\Meal-Selection\\node_modules\\@testing-library\\react\\dist\\pure.js:291:10)\n    at Object.<anonymous> (C:\\Users\\huber.SENECA\\Desktop\\Work\\Meal\\Meal-Selection\\src\\pages\\Admin\\Activities.test.tsx:40:15)\n    at Promise.finally.completed (C:\\Users\\huber.SENECA\\Desktop\\Work\\Meal\\Meal-Selection\\node_modules\\jest-circus\\build\\jestAdapterInit.js:1557:28)\n    at new Promise (<anonymous>)\n    at callAsyncCircusFn (C:\\Users\\huber.SENECA\\Desktop\\Work\\Meal\\Meal-Selection\\node_modules\\jest-circus\\build\\jestAdapterInit.js:1497:10)\n    at _callCircusTest (C:\\Users\\huber.SENECA\\Desktop\\Work\\Meal\\Meal-Selection\\node_modules\\jest-circus\\build\\jestAdapterInit.js:1007:40)\n    at _runTest (C:\\Users\\huber.SENECA\\Desktop\\Work\\Meal\\Meal-Selection\\node_modules\\jest-circus\\build\\jestAdapterInit.js:947:3)\n    at C:\\Users\\huber.SENECA\\Desktop\\Work\\Meal\\Meal-Selection\\node_modules\\jest-circus\\build\\jestAdapterInit.js:849:7\n    at _runTestsForDescribeBlock (C:\\Users\\huber.SENECA\\Desktop\\Work\\Meal\\Meal-Selection\\node_modules\\jest-circus\\build\\jestAdapterInit.js:862:11)\n    at _runTestsForDescribeBlock (C:\\Users\\huber.SENECA\\Desktop\\Work\\Meal\\Meal-Selection\\node_modules\\jest-circus\\build\\jestAdapterInit.js:857:11)\n    at run (C:\\Users\\huber.SENECA\\Desktop\\Work\\Meal\\Meal-Selection\\node_modules\\jest-circus\\build\\jestAdapterInit.js:761:3)\n    at runAndTransformResultsToJestFormat (C:\\Users\\huber.SENECA\\Desktop\\Work\\Meal\\Meal-Selection\\node_modules\\jest-circus\\build\\jestAdapterInit.js:1918:21)\n    at jestAdapter (C:\\Users\\huber.SENECA\\Desktop\\Work\\Meal\\Meal-Selection\\node_modules\\jest-circus\\build\\runner.js:101:19)\n    at runTestInternal (C:\\Users\\huber.SENECA\\Desktop\\Work\\Meal\\Meal-Selection\\node_modules\\jest-runner\\build\\index.js:275:16)\n    at runTest (C:\\Users\\huber.SENECA\\Desktop\\Work\\Meal\\Meal-Selection\\node_modules\\jest-runner\\build\\index.js:343:7)"],"fullName":"Activities Component navigates to report route","invocations":1,"location":null,"numPassingAsserts":0,"retryReasons":[],"startAt":1785959397106,"status":"failed","title":"navigates to report route"}],"endTime":1785959397150,"message":"\u001b[1m\u001b[31m  \u001b[1m● \u001b[22m\u001b[1mActivities Component › renders the header and all activity cards\u001b[39m\u001b[22m\n\n    useAuth must be used within an AuthProvider\n\u001b[2m\u001b[22m\n\u001b[2m    \u001b[0m \u001b[90m  5 |\u001b[39m     \u001b[36mconst\u001b[39m context \u001b[33m=\u001b[39m useContext(\u001b[33mAuthContext\u001b[39m)\u001b[33m;\u001b[39m\u001b[22m\n\u001b[2m     \u001b[90m  6 |\u001b[39m     \u001b[36mif\u001b[39m(\u001b[33m!\u001b[39mcontext){\u001b[22m\n\u001b[2m    \u001b[31m\u001b[1m>\u001b[22m\u001b[2m\u001b[39m\u001b[90m  7 |\u001b[39m         \u001b[36mthrow\u001b[39m \u001b[36mnew\u001b[39m \u001b[33mError\u001b[39m(\u001b[32m\"useAuth must be used within an AuthProvider\"\u001b[39m)\u001b[33m;\u001b[39m\u001b[22m\n\u001b[2m     \u001b[90m    |\u001b[39m               \u001b[31m\u001b[1m^\u001b[22m\u001b[2m\u001b[39m\u001b[22m\n\u001b[2m     \u001b[90m  8 |\u001b[39m     }\u001b[22m\n\u001b[2m     \u001b[90m  9 |\u001b[39m     \u001b[36mreturn\u001b[39m context\u001b[33m;\u001b[39m\u001b[22m\n\u001b[2m     \u001b[90m 10 |\u001b[39m }\u001b[0m\u001b[22m\n\u001b[2m\u001b[22m\n\u001b[2m      \u001b[2mat useAuth (\u001b[22m\u001b[2msrc/pages/Auth/useAuth/useAuth.tsx\u001b[2m:7:15)\u001b[22m\u001b[2m\u001b[22m\n\u001b[2m      \u001b[2mat TitleBar (\u001b[22m\u001b[2msrc/components/TitleBar/TitleBar.tsx\u001b[2m:5:40)\u001b[22m\u001b[2m\u001b[22m\n\u001b[2m      \u001b[2mat Object.react_stack_bottom_frame (\u001b[22m\u001b[2mnode_modules/react-dom/cjs/react-dom-client.development.js\u001b[2m:25904:20)\u001b[22m\u001b[2m\u001b[22m\n\u001b[2m      \u001b[2mat renderWithHooks (\u001b[22m\u001b[2mnode_modules/react-dom/cjs/react-dom-client.development.js\u001b[2m:7662:22)\u001b[22m\u001b[2m\u001b[22m\n\u001b[2m      \u001b[2mat updateFunctionComponent (\u001b[22m\u001b[2mnode_modules/react-dom/cjs/react-dom-client.development.js\u001b[2m:10166:19)\u001b[22m\u001b[2m\u001b[22m\n\u001b[2m      \u001b[2mat beginWork (\u001b[22m\u001b[2mnode_modules/react-dom/cjs/react-dom-client.development.js\u001b[2m:11778:18)\u001b[22m\u001b[2m\u001b[22m\n\u001b[2m      \u001b[2mat runWithFiberInDEV (\u001b[22m\u001b[2mnode_modules/react-dom/cjs/react-dom-client.development.js\u001b[2m:874:13)\u001b[22m\u001b[2m\u001b[22m\n\u001b[2m      \u001b[2mat performUnitOfWork (\u001b[22m\u001b[2mnode_modules/react-dom/cjs/react-dom-client.development.js\u001b[2m:17641:22)\u001b[22m\u001b[2m\u001b[22m\n\u001b[2m      \u001b[2mat workLoopSync (\u001b[22m\u001b[2mnode_modules/react-dom/cjs/react-dom-client.development.js\u001b[2m:17469:41)\u001b[22m\u001b[2m\u001b[22m\n\u001b[2m      \u001b[2mat renderRootSync (\u001b[22m\u001b[2mnode_modules/react-dom/cjs/react-dom-client.development.js\u001b[2m:17450:11)\u001b[22m\u001b[2m\u001b[22m\n\u001b[2m      \u001b[2mat performWorkOnRoot (\u001b[22m\u001b[2mnode_modules/react-dom/cjs/react-dom-client.development.js\u001b[2m:16583:35)\u001b[22m\u001b[2m\u001b[22m\n\u001b[2m      \u001b[2mat performWorkOnRootViaSchedulerTask (\u001b[22m\u001b[2mnode_modules/react-dom/cjs/react-dom-client.development.js\u001b[2m:18957:7)\u001b[22m\u001b[2m\u001b[22m\n\u001b[2m      \u001b[2mat flushActQueue (\u001b[22m\u001b[2mnode_modules/react/cjs/react.development.js\u001b[2m:590:34)\u001b[22m\u001b[2m\u001b[22m\n\u001b[2m      \u001b[2mat process.env.NODE_ENV.exports.act (\u001b[22m\u001b[2mnode_modules/react/cjs/react.development.js\u001b[2m:884:10)\u001b[22m\u001b[2m\u001b[22m\n\u001b[2m      \u001b[2mat \u001b[22m\u001b[2mnode_modules/@testing-library/react/dist/act-compat.js\u001b[2m:46:25\u001b[22m\u001b[2m\u001b[22m\n\u001b[2m      \u001b[2mat renderRoot (\u001b[22m\u001b[2mnode_modules/@testing-library/react/dist/pure.js\u001b[2m:189:26)\u001b[22m\u001b[2m\u001b[22m\n\u001b[2m      \u001b[2mat render (\u001b[22m\u001b[2mnode_modules/@testing-library/react/dist/pure.js\u001b[2m:291:10)\u001b[22m\u001b[2m\u001b[22m\n\u001b[2m      \u001b[2mat Object.<anonymous> (\u001b[22m\u001b[2m\u001b[0m\u001b[36msrc/pages/Admin/Activities.test.tsx\u001b[39m\u001b[0m\u001b[2m:7:15)\u001b[22m\u001b[2m\u001b[22m\n\n\u001b[1m\u001b[31m  \u001b[1m● \u001b[22m\u001b[1mActivities Component › navigates when activity cards are clicked\u001b[39m\u001b[22m\n\n    useAuth must be used within an AuthProvider\n\u001b[2m\u001b[22m\n\u001b[2m    \u001b[0m \u001b[90m  5 |\u001b[39m     \u001b[36mconst\u001b[39m context \u001b[33m=\u001b[39m useContext(\u001b[33mAuthContext\u001b[39m)\u001b[33m;\u001b[39m\u001b[22m\n\u001b[2m     \u001b[90m  6 |\u001b[39m     \u001b[36mif\u001b[39m(\u001b[33m!\u001b[39mcontext){\u001b[22m\n\u001b[2m    \u001b[31m\u001b[1m>\u001b[22m\u001b[2m\u001b[39m\u001b[90m  7 |\u001b[39m         \u001b[36mthrow\u001b[39m \u001b[36mnew\u001b[39m \u001b[33mError\u001b[39m(\u001b[32m\"useAuth must be used within an AuthProvider\"\u001b[39m)\u001b[33m;\u001b[39m\u001b[22m\n\u001b[2m     \u001b[90m    |\u001b[39m               \u001b[31m\u001b[1m^\u001b[22m\u001b[2m\u001b[39m\u001b[22m\n\u001b[2m     \u001b[90m  8 |\u001b[39m     }\u001b[22m\n\u001b[2m     \u001b[90m  9 |\u001b[39m     \u001b[36mreturn\u001b[39m context\u001b[33m;\u001b[39m\u001b[22m\n\u001b[2m     \u001b[90m 10 |\u001b[39m }\u001b[0m\u001b[22m\n\u001b[2m\u001b[22m\n\u001b[2m      \u001b[2mat useAuth (\u001b[22m\u001b[2msrc/pages/Auth/useAuth/useAuth.tsx\u001b[2m:7:15)\u001b[22m\u001b[2m\u001b[22m\n\u001b[2m      \u001b[2mat TitleBar (\u001b[22m\u001b[2msrc/components/TitleBar/TitleBar.tsx\u001b[2m:5:40)\u001b[22m\u001b[2m\u001b[22m\n\u001b[2m      \u001b[2mat Object.react_stack_bottom_frame (\u001b[22m\u001b[2mnode_modules/react-dom/cjs/react-dom-client.development.js\u001b[2m:25904:20)\u001b[22m\u001b[2m\u001b[22m\n\u001b[2m      \u001b[2mat renderWithHooks (\u001b[22m\u001b[2mnode_modules/react-dom/cjs/react-dom-client.development.js\u001b[2m:7662:22)\u001b[22m\u001b[2m\u001b[22m\n\u001b[2m      \u001b[2mat updateFunctionComponent (\u001b[22m\u001b[2mnode_modules/react-dom/cjs/react-dom-client.development.js\u001b[2m:10166:19)\u001b[22m\u001b[2m\u001b[22m\n\u001b[2m      \u001b[2mat beginWork (\u001b[22m\u001b[2mnode_modules/react-dom/cjs/react-dom-client.development.js\u001b[2m:11778:18)\u001b[22m\u001b[2m\u001b[22m\n\u001b[2m      \u001b[2mat runWithFiberInDEV (\u001b[22m\u001b[2mnode_modules/react-dom/cjs/react-dom-client.development.js\u001b[2m:874:13)\u001b[22m\u001b[2m\u001b[22m\n\u001b[2m      \u001b[2mat performUnitOfWork (\u001b[22m\u001b[2mnode_modules/react-dom/cjs/react-dom-client.development.js\u001b[2m:17641:22)\u001b[22m\u001b[2m\u001b[22m\n\u001b[2m      \u001b[2mat workLoopSync (\u001b[22m\u001b[2mnode_modules/react-dom/cjs/react-dom-client.development.js\u001b[2m:17469:41)\u001b[22m\u001b[2m\u001b[22m\n\u001b[2m      \u001b[2mat renderRootSync (\u001b[22m\u001b[2mnode_modules/react-dom/cjs/react-dom-client.development.js\u001b[2m:17450:11)\u001b[22m\u001b[2m\u001b[22m\n\u001b[2m      \u001b[2mat performWorkOnRoot (\u001b[22m\u001b[2mnode_modules/react-dom/cjs/react-dom-client.development.js\u001b[2m:16583:35)\u001b[22m\u001b[2m\u001b[22m\n\u001b[2m      \u001b[2mat performWorkOnRootViaSchedulerTask (\u001b[22m\u001b[2mnode_modules/react-dom/cjs/react-dom-client.development.js\u001b[2m:18957:7)\u001b[22m\u001b[2m\u001b[22m\n\u001b[2m      \u001b[2mat flushActQueue (\u001b[22m\u001b[2mnode_modules/react/cjs/react.development.js\u001b[2m:590:34)\u001b[22m\u001b[2m\u001b[22m\n\u001b[2m      \u001b[2mat process.env.NODE_ENV.exports.act (\u001b[22m\u001b[2mnode_modules/react/cjs/react.development.js\u001b[2m:884:10)\u001b[22m\u001b[2m\u001b[22m\n\u001b[2m      \u001b[2mat \u001b[22m\u001b[2mnode_modules/@testing-library/react/dist/act-compat.js\u001b[2m:46:25\u001b[22m\u001b[2m\u001b[22m\n\u001b[2m      \u001b[2mat renderRoot (\u001b[22m\u001b[2mnode_modules/@testing-library/react/dist/pure.js\u001b[2m:189:26)\u001b[22m\u001b[2m\u001b[22m\n\u001b[2m      \u001b[2mat render (\u001b[22m\u001b[2mnode_modules/@testing-library/react/dist/pure.js\u001b[2m:291:10)\u001b[22m\u001b[2m\u001b[22m\n\u001b[2m      \u001b[2mat Object.<anonymous> (\u001b[22m\u001b[2m\u001b[0m\u001b[36msrc/pages/Admin/Activities.test.tsx\u001b[39m\u001b[0m\u001b[2m:21:15)\u001b[22m\u001b[2m\u001b[22m\n\n\u001b[1m\u001b[31m  \u001b[1m● \u001b[22m\u001b[1mActivities Component › navigates to report route\u001b[39m\u001b[22m\n\n    useAuth must be used within an AuthProvider\n\u001b[2m\u001b[22m\n\u001b[2m    \u001b[0m \u001b[90m  5 |\u001b[39m     \u001b[36mconst\u001b[39m context \u001b[33m=\u001b[39m useContext(\u001b[33mAuthContext\u001b[39m)\u001b[33m;\u001b[39m\u001b[22m\n\u001b[2m     \u001b[90m  6 |\u001b[39m     \u001b[36mif\u001b[39m(\u001b[33m!\u001b[39mcontext){\u001b[22m\n\u001b[2m    \u001b[31m\u001b[1m>\u001b[22m\u001b[2m\u001b[39m\u001b[90m  7 |\u001b[39m         \u001b[36mthrow\u001b[39m \u001b[36mnew\u001b[39m \u001b[33mError\u001b[39m(\u001b[32m\"useAuth must be used within an AuthProvider\"\u001b[39m)\u001b[33m;\u001b[39m\u001b[22m\n\u001b[2m     \u001b[90m    |\u001b[39m               \u001b[31m\u001b[1m^\u001b[22m\u001b[2m\u001b[39m\u001b[22m\n\u001b[2m     \u001b[90m  8 |\u001b[39m     }\u001b[22m\n\u001b[2m     \u001b[90m  9 |\u001b[39m     \u001b[36mreturn\u001b[39m context\u001b[33m;\u001b[39m\u001b[22m\n\u001b[2m     \u001b[90m 10 |\u001b[39m }\u001b[0m\u001b[22m\n\u001b[2m\u001b[22m\n\u001b[2m      \u001b[2mat useAuth (\u001b[22m\u001b[2msrc/pages/Auth/useAuth/useAuth.tsx\u001b[2m:7:15)\u001b[22m\u001b[2m\u001b[22m\n\u001b[2m      \u001b[2mat TitleBar (\u001b[22m\u001b[2msrc/components/TitleBar/TitleBar.tsx\u001b[2m:5:40)\u001b[22m\u001b[2m\u001b[22m\n\u001b[2m      \u001b[2mat Object.react_stack_bottom_frame (\u001b[22m\u001b[2mnode_modules/react-dom/cjs/react-dom-client.development.js\u001b[2m:25904:20)\u001b[22m\u001b[2m\u001b[22m\n\u001b[2m      \u001b[2mat renderWithHooks (\u001b[22m\u001b[2mnode_modules/react-dom/cjs/react-dom-client.development.js\u001b[2m:7662:22)\u001b[22m\u001b[2m\u001b[22m\n\u001b[2m      \u001b[2mat updateFunctionComponent (\u001b[22m\u001b[2mnode_modules/react-dom/cjs/react-dom-client.development.js\u001b[2m:10166:19)\u001b[22m\u001b[2m\u001b[22m\n\u001b[2m      \u001b[2mat beginWork (\u001b[22m\u001b[2mnode_modules/react-dom/cjs/react-dom-client.development.js\u001b[2m:11778:18)\u001b[22m\u001b[2m\u001b[22m\n\u001b[2m      \u001b[2mat runWithFiberInDEV (\u001b[22m\u001b[2mnode_modules/react-dom/cjs/react-dom-client.development.js\u001b[2m:874:13)\u001b[22m\u001b[2m\u001b[22m\n\u001b[2m      \u001b[2mat performUnitOfWork (\u001b[22m\u001b[2mnode_modules/react-dom/cjs/react-dom-client.development.js\u001b[2m:17641:22)\u001b[22m\u001b[2m\u001b[22m\n\u001b[2m      \u001b[2mat workLoopSync (\u001b[22m\u001b[2mnode_modules/react-dom/cjs/react-dom-client.development.js\u001b[2m:17469:41)\u001b[22m\u001b[2m\u001b[22m\n\u001b[2m      \u001b[2mat renderRootSync (\u001b[22m\u001b[2mnode_modules/react-dom/cjs/react-dom-client.development.js\u001b[2m:17450:11)\u001b[22m\u001b[2m\u001b[22m\n\u001b[2m      \u001b[2mat performWorkOnRoot (\u001b[22m\u001b[2mnode_modules/react-dom/cjs/react-dom-client.development.js\u001b[2m:16583:35)\u001b[22m\u001b[2m\u001b[22m\n\u001b[2m      \u001b[2mat performWorkOnRootViaSchedulerTask (\u001b[22m\u001b[2mnode_modules/react-dom/cjs/react-dom-client.development.js\u001b[2m:18957:7)\u001b[22m\u001b[2m\u001b[22m\n\u001b[2m      \u001b[2mat flushActQueue (\u001b[22m\u001b[2mnode_modules/react/cjs/react.development.js\u001b[2m:590:34)\u001b[22m\u001b[2m\u001b[22m\n\u001b[2m      \u001b[2mat process.env.NODE_ENV.exports.act (\u001b[22m\u001b[2mnode_modules/react/cjs/react.development.js\u001b[2m:884:10)\u001b[22m\u001b[2m\u001b[22m\n\u001b[2m      \u001b[2mat \u001b[22m\u001b[2mnode_modules/@testing-library/react/dist/act-compat.js\u001b[2m:46:25\u001b[22m\u001b[2m\u001b[22m\n\u001b[2m      \u001b[2mat renderRoot (\u001b[22m\u001b[2mnode_modules/@testing-library/react/dist/pure.js\u001b[2m:189:26)\u001b[22m\u001b[2m\u001b[22m\n\u001b[2m      \u001b[2mat render (\u001b[22m\u001b[2mnode_modules/@testing-library/react/dist/pure.js\u001b[2m:291:10)\u001b[22m\u001b[2m\u001b[22m\n\u001b[2m      \u001b[2mat Object.<anonymous> (\u001b[22m\u001b[2m\u001b[0m\u001b[36msrc/pages/Admin/Activities.test.tsx\u001b[39m\u001b[0m\u001b[2m:40:15)\u001b[22m\u001b[2m\u001b[22m\n","name":"C:\\Users\\huber.SENECA\\Desktop\\Work\\Meal\\Meal-Selection\\src\\pages\\Admin\\Activities.test.tsx","startTime":1785959396637,"status":"failed","summary":""},{"assertionResults":[{"ancestorTitles":["EditMeal Component"],"duration":23,"failing":false,"failureDetails":[{}],"failureMessages":["Error: No QueryClient set, use QueryClientProvider to set one\n    at useQueryClient (C:\\Users\\huber.SENECA\\Desktop\\Work\\Meal\\Meal-Selection\\node_modules\\@tanstack\\react-query\\src\\QueryClientProvider.tsx:18:11)\n    at useBaseQuery (C:\\Users\\huber.SENECA\\Desktop\\Work\\Meal\\Meal-Selection\\node_modules\\@tanstack\\react-query\\src\\useBaseQuery.ts:54:18)\n    at useQuery (C:\\Users\\huber.SENECA\\Desktop\\Work\\Meal\\Meal-Selection\\node_modules\\@tanstack\\react-query\\src\\useQuery.ts:46:10)\n    at useMealsQuery (C:\\Users\\huber.SENECA\\Desktop\\Work\\Meal\\Meal-Selection\\src\\api\\useApiQueries.ts:40:11)\n    at EditMeal (C:\\Users\\huber.SENECA\\Desktop\\Work\\Meal\\Meal-Selection\\src\\pages\\Admin\\Meal\\EditMeal.tsx:23:35)\n    at Object.react_stack_bottom_frame (C:\\Users\\huber.SENECA\\Desktop\\Work\\Meal\\Meal-Selection\\node_modules\\react-dom\\cjs\\react-dom-client.development.js:25904:20)\n    at renderWithHooks (C:\\Users\\huber.SENECA\\Desktop\\Work\\Meal\\Meal-Selection\\node_modules\\react-dom\\cjs\\react-dom-client.development.js:7662:22)\n    at updateFunctionComponent (C:\\Users\\huber.SENECA\\Desktop\\Work\\Meal\\Meal-Selection\\node_modules\\react-dom\\cjs\\react-dom-client.development.js:10166:19)\n    at beginWork (C:\\Users\\huber.SENECA\\Desktop\\Work\\Meal\\Meal-Selection\\node_modules\\react-dom\\cjs\\react-dom-client.development.js:11778:18)\n    at runWithFiberInDEV (C:\\Users\\huber.SENECA\\Desktop\\Work\\Meal\\Meal-Selection\\node_modules\\react-dom\\cjs\\react-dom-client.development.js:874:13)\n    at performUnitOfWork (C:\\Users\\huber.SENECA\\Desktop\\Work\\Meal\\Meal-Selection\\node_modules\\react-dom\\cjs\\react-dom-client.development.js:17641:22)\n    at workLoopSync (C:\\Users\\huber.SENECA\\Desktop\\Work\\Meal\\Meal-Selection\\node_modules\\react-dom\\cjs\\react-dom-client.development.js:17469:41)\n    at renderRootSync (C:\\Users\\huber.SENECA\\Desktop\\Work\\Meal\\Meal-Selection\\node_modules\\react-dom\\cjs\\react-dom-client.development.js:17450:11)\n    at performWorkOnRoot (C:\\Users\\huber.SENECA\\Desktop\\Work\\Meal\\Meal-Selection\\node_modules\\react-dom\\cjs\\react-dom-client.development.js:16583:35)\n    at performWorkOnRootViaSchedulerTask (C:\\Users\\huber.SENECA\\Desktop\\Work\\Meal\\Meal-Selection\\node_modules\\react-dom\\cjs\\react-dom-client.development.js:18957:7)\n    at flushActQueue (C:\\Users\\huber.SENECA\\Desktop\\Work\\Meal\\Meal-Selection\\node_modules\\react\\cjs\\react.development.js:590:34)\n    at process.env.NODE_ENV.exports.act (C:\\Users\\huber.SENECA\\Desktop\\Work\\Meal\\Meal-Selection\\node_modules\\react\\cjs\\react.development.js:884:10)\n    at C:\\Users\\huber.SENECA\\Desktop\\Work\\Meal\\Meal-Selection\\node_modules\\@testing-library\\react\\dist\\act-compat.js:46:25\n    at renderRoot (C:\\Users\\huber.SENECA\\Desktop\\Work\\Meal\\Meal-Selection\\node_modules\\@testing-library\\react\\dist\\pure.js:189:26)\n    at render (C:\\Users\\huber.SENECA\\Desktop\\Work\\Meal\\Meal-Selection\\node_modules\\@testing-library\\react\\dist\\pure.js:291:10)\n    at renderWithRouter (C:\\Users\\huber.SENECA\\Desktop\\Work\\Meal\\Meal-Selection\\src\\pages\\Admin\\Meal\\EditMeal.test.tsx:21:22)\n    at Object.<anonymous> (C:\\Users\\huber.SENECA\\Desktop\\Work\\Meal\\Meal-Selection\\src\\pages\\Admin\\Meal\\EditMeal.test.tsx:32:9)\n    at Promise.finally.completed (C:\\Users\\huber.SENECA\\Desktop\\Work\\Meal\\Meal-Selection\\node_modules\\jest-circus\\build\\jestAdapterInit.js:1557:28)\n    at new Promise (<anonymous>)\n    at callAsyncCircusFn (C:\\Users\\huber.SENECA\\Desktop\\Work\\Meal\\Meal-Selection\\node_modules\\jest-circus\\build\\jestAdapterInit.js:1497:10)\n    at _callCircusTest (C:\\Users\\huber.SENECA\\Desktop\\Work\\Meal\\Meal-Selection\\node_modules\\jest-circus\\build\\jestAdapterInit.js:1007:40)\n    at _runTest (C:\\Users\\huber.SENECA\\Desktop\\Work\\Meal\\Meal-Selection\\node_modules\\jest-circus\\build\\jestAdapterInit.js:947:3)\n    at C:\\Users\\huber.SENECA\\Desktop\\Work\\Meal\\Meal-Selection\\node_modules\\jest-circus\\build\\jestAdapterInit.js:849:7\n    at _runTestsForDescribeBlock (C:\\Users\\huber.SENECA\\Desktop\\Work\\Meal\\Meal-Selection\\node_modules\\jest-circus\\build\\jestAdapterInit.js:862:11)\n    at _runTestsForDescribeBlock (C:\\Users\\huber.SENECA\\Desktop\\Work\\Meal\\Meal-Selection\\node_modules\\jest-circus\\build\\jestAdapterInit.js:857:11)\n    at run (C:\\Users\\huber.SENECA\\Desktop\\Work\\Meal\\Meal-Selection\\node_modules\\jest-circus\\build\\jestAdapterInit.js:761:3)\n    at runAndTransformResultsToJestFormat (C:\\Users\\huber.SENECA\\Desktop\\Work\\Meal\\Meal-Selection\\node_modules\\jest-circus\\build\\jestAdapterInit.js:1918:21)\n    at jestAdapter (C:\\Users\\huber.SENECA\\Desktop\\Work\\Meal\\Meal-Selection\\node_modules\\jest-circus\\build\\runner.js:101:19)\n    at runTestInternal (C:\\Users\\huber.SENECA\\Desktop\\Work\\Meal\\Meal-Selection\\node_modules\\jest-runner\\build\\index.js:275:16)\n    at runTest (C:\\Users\\huber.SENECA\\Desktop\\Work\\Meal\\Meal-Selection\\node_modules\\jest-runner\\build\\index.js:343:7)"],"fullName":"EditMeal Component renders with pre-selected cardId from URL","invocations":1,"location":null,"numPassingAsserts":0,"retryReasons":[],"startAt":1785959398197,"status":"failed","title":"renders with pre-selected cardId from URL"},{"ancestorTitles":["EditMeal Component"],"duration":4,"failing":false,"failureDetails":[{}],"failureMessages":["Error: No QueryClient set, use QueryClientProvider to set one\n    at useQueryClient (C:\\Users\\huber.SENECA\\Desktop\\Work\\Meal\\Meal-Selection\\node_modules\\@tanstack\\react-query\\src\\QueryClientProvider.tsx:18:11)\n    at useBaseQuery (C:\\Users\\huber.SENECA\\Desktop\\Work\\Meal\\Meal-Selection\\node_modules\\@tanstack\\react-query\\src\\useBaseQuery.ts:54:18)\n    at useQuery (C:\\Users\\huber.SENECA\\Desktop\\Work\\Meal\\Meal-Selection\\node_modules\\@tanstack\\react-query\\src\\useQuery.ts:46:10)\n    at useMealsQuery (C:\\Users\\huber.SENECA\\Desktop\\Work\\Meal\\Meal-Selection\\src\\api\\useApiQueries.ts:40:11)\n    at EditMeal (C:\\Users\\huber.SENECA\\Desktop\\Work\\Meal\\Meal-Selection\\src\\pages\\Admin\\Meal\\EditMeal.tsx:23:35)\n    at Object.react_stack_bottom_frame (C:\\Users\\huber.SENECA\\Desktop\\Work\\Meal\\Meal-Selection\\node_modules\\react-dom\\cjs\\react-dom-client.development.js:25904:20)\n    at renderWithHooks (C:\\Users\\huber.SENECA\\Desktop\\Work\\Meal\\Meal-Selection\\node_modules\\react-dom\\cjs\\react-dom-client.development.js:7662:22)\n    at updateFunctionComponent (C:\\Users\\huber.SENECA\\Desktop\\Work\\Meal\\Meal-Selection\\node_modules\\react-dom\\cjs\\react-dom-client.development.js:10166:19)\n    at beginWork (C:\\Users\\huber.SENECA\\Desktop\\Work\\Meal\\Meal-Selection\\node_modules\\react-dom\\cjs\\react-dom-client.development.js:11778:18)\n    at runWithFiberInDEV (C:\\Users\\huber.SENECA\\Desktop\\Work\\Meal\\Meal-Selection\\node_modules\\react-dom\\cjs\\react-dom-client.development.js:874:13)\n    at performUnitOfWork (C:\\Users\\huber.SENECA\\Desktop\\Work\\Meal\\Meal-Selection\\node_modules\\react-dom\\cjs\\react-dom-client.development.js:17641:22)\n    at workLoopSync (C:\\Users\\huber.SENECA\\Desktop\\Work\\Meal\\Meal-Selection\\node_modules\\react-dom\\cjs\\react-dom-client.development.js:17469:41)\n    at renderRootSync (C:\\Users\\huber.SENECA\\Desktop\\Work\\Meal\\Meal-Selection\\node_modules\\react-dom\\cjs\\react-dom-client.development.js:17450:11)\n    at performWorkOnRoot (C:\\Users\\huber.SENECA\\Desktop\\Work\\Meal\\Meal-Selection\\node_modules\\react-dom\\cjs\\react-dom-client.development.js:16583:35)\n    at performWorkOnRootViaSchedulerTask (C:\\Users\\huber.SENECA\\Desktop\\Work\\Meal\\Meal-Selection\\node_modules\\react-dom\\cjs\\react-dom-client.development.js:18957:7)\n    at flushActQueue (C:\\Users\\huber.SENECA\\Desktop\\Work\\Meal\\Meal-Selection\\node_modules\\react\\cjs\\react.development.js:590:34)\n    at process.env.NODE_ENV.exports.act (C:\\Users\\huber.SENECA\\Desktop\\Work\\Meal\\Meal-Selection\\node_modules\\react\\cjs\\react.development.js:884:10)\n    at C:\\Users\\huber.SENECA\\Desktop\\Work\\Meal\\Meal-Selection\\node_modules\\@testing-library\\react\\dist\\act-compat.js:46:25\n    at renderRoot (C:\\Users\\huber.SENECA\\Desktop\\Work\\Meal\\Meal-Selection\\node_modules\\@testing-library\\react\\dist\\pure.js:189:26)\n    at render (C:\\Users\\huber.SENECA\\Desktop\\Work\\Meal\\Meal-Selection\\node_modules\\@testing-library\\react\\dist\\pure.js:291:10)\n    at renderWithRouter (C:\\Users\\huber.SENECA\\Desktop\\Work\\Meal\\Meal-Selection\\src\\pages\\Admin\\Meal\\EditMeal.test.tsx:21:22)\n    at Object.<anonymous> (C:\\Users\\huber.SENECA\\Desktop\\Work\\Meal\\Meal-Selection\\src\\pages\\Admin\\Meal\\EditMeal.test.tsx:43:9)\n    at Promise.finally.completed (C:\\Users\\huber.SENECA\\Desktop\\Work\\Meal\\Meal-Selection\\node_modules\\jest-circus\\build\\jestAdapterInit.js:1557:28)\n    at new Promise (<anonymous>)\n    at callAsyncCircusFn (C:\\Users\\huber.SENECA\\Desktop\\Work\\Meal\\Meal-Selection\\node_modules\\jest-circus\\build\\jestAdapterInit.js:1497:10)\n    at _callCircusTest (C:\\Users\\huber.SENECA\\Desktop\\Work\\Meal\\Meal-Selection\\node_modules\\jest-circus\\build\\jestAdapterInit.js:1007:40)\n    at _runTest (C:\\Users\\huber.SENECA\\Desktop\\Work\\Meal\\Meal-Selection\\node_modules\\jest-circus\\build\\jestAdapterInit.js:947:3)\n    at C:\\Users\\huber.SENECA\\Desktop\\Work\\Meal\\Meal-Selection\\node_modules\\jest-circus\\build\\jestAdapterInit.js:849:7\n    at _runTestsForDescribeBlock (C:\\Users\\huber.SENECA\\Desktop\\Work\\Meal\\Meal-Selection\\node_modules\\jest-circus\\build\\jestAdapterInit.js:862:11)\n    at _runTestsForDescribeBlock (C:\\Users\\huber.SENECA\\Desktop\\Work\\Meal\\Meal-Selection\\node_modules\\jest-circus\\build\\jestAdapterInit.js:857:11)\n    at run (C:\\Users\\huber.SENECA\\Desktop\\Work\\Meal\\Meal-Selection\\node_modules\\jest-circus\\build\\jestAdapterInit.js:761:3)\n    at runAndTransformResultsToJestFormat (C:\\Users\\huber.SENECA\\Desktop\\Work\\Meal\\Meal-Selection\\node_modules\\jest-circus\\build\\jestAdapterInit.js:1918:21)\n    at jestAdapter (C:\\Users\\huber.SENECA\\Desktop\\Work\\Meal\\Meal-Selection\\node_modules\\jest-circus\\build\\runner.js:101:19)\n    at runTestInternal (C:\\Users\\huber.SENECA\\Desktop\\Work\\Meal\\Meal-Selection\\node_modules\\jest-runner\\build\\index.js:275:16)\n    at runTest (C:\\Users\\huber.SENECA\\Desktop\\Work\\Meal\\Meal-Selection\\node_modules\\jest-runner\\build\\index.js:343:7)"],"fullName":"EditMeal Component selects and deselects all meals when \"Select All\" is clicked","invocations":1,"location":null,"numPassingAsserts":0,"retryReasons":[],"startAt":1785959398245,"status":"failed","title":"selects and deselects all meals when \"Select All\" is clicked"},{"ancestorTitles":["EditMeal Component"],"duration":4,"failing":false,"failureDetails":[{}],"failureMessages":["Error: No QueryClient set, use QueryClientProvider to set one\n    at useQueryClient (C:\\Users\\huber.SENECA\\Desktop\\Work\\Meal\\Meal-Selection\\node_modules\\@tanstack\\react-query\\src\\QueryClientProvider.tsx:18:11)\n    at useBaseQuery (C:\\Users\\huber.SENECA\\Desktop\\Work\\Meal\\Meal-Selection\\node_modules\\@tanstack\\react-query\\src\\useBaseQuery.ts:54:18)\n    at useQuery (C:\\Users\\huber.SENECA\\Desktop\\Work\\Meal\\Meal-Selection\\node_modules\\@tanstack\\react-query\\src\\useQuery.ts:46:10)\n    at useMealsQuery (C:\\Users\\huber.SENECA\\Desktop\\Work\\Meal\\Meal-Selection\\src\\api\\useApiQueries.ts:40:11)\n    at EditMeal (C:\\Users\\huber.SENECA\\Desktop\\Work\\Meal\\Meal-Selection\\src\\pages\\Admin\\Meal\\EditMeal.tsx:23:35)\n    at Object.react_stack_botto
[...]
on":null,"numPassingAsserts":3,"retryReasons":[],"startAt":1785959420294,"status":"passed","title":"is disabled and shows spinner when pending is true"},{"ancestorTitles":["Button Component"],"duration":7,"failing":false,"failureDetails":[],"failureMessages":[],"fullName":"Button Component applies variant classes correctly","invocations":1,"location":null,"numPassingAsserts":1,"retryReasons":[],"startAt":1785959420307,"status":"passed","title":"applies variant classes correctly"}],"endTime":1785959420315,"message":"","name":"C:\\Users\\huber.SENECA\\Desktop\\Work\\Meal\\Meal-Selection\\src\\components\\Button\\Button.test.tsx","startTime":1785959419458,"status":"passed","summary":""},{"assertionResults":[{"ancestorTitles":["InputField Component"],"duration":10,"failing":false,"failureDetails":[],"failureMessages":[],"fullName":"InputField Component renders an input by default and handles change","invocations":1,"location":null,"numPassingAsserts":3,"retryReasons":[],"startAt":1785959420613,"status":"passed","title":"renders an input by default and handles change"},{"ancestorTitles":["InputField Component"],"duration":7,"failing":false,"failureDetails":[],"failureMessages":[],"fullName":"InputField Component renders a textarea when multiline is true","invocations":1,"location":null,"numPassingAsserts":2,"retryReasons":[],"startAt":1785959420624,"status":"passed","title":"renders a textarea when multiline is true"},{"ancestorTitles":["InputField Component"],"duration":12,"failing":false,"failureDetails":[],"failureMessages":[],"fullName":"InputField Component renders label and handles focused floating state","invocations":1,"location":null,"numPassingAsserts":2,"retryReasons":[],"startAt":1785959420631,"status":"passed","title":"renders label and handles focused floating state"},{"ancestorTitles":["InputField Component"],"duration":16,"failing":false,"failureDetails":[],"failureMessages":[],"fullName":"InputField Component renders error message and styles","invocations":1,"location":null,"numPassingAsserts":2,"retryReasons":[],"startAt":1785959420643,"status":"passed","title":"renders error message and styles"},{"ancestorTitles":["InputField Component"],"duration":8,"failing":false,"failureDetails":[],"failureMessages":[],"fullName":"InputField Component is disabled when disabled prop is true","invocations":1,"location":null,"numPassingAsserts":1,"retryReasons":[],"startAt":1785959420660,"status":"passed","title":"is disabled when disabled prop is true"}],"endTime":1785959420669,"message":"","name":"C:\\Users\\huber.SENECA\\Desktop\\Work\\Meal\\Meal-Selection\\src\\components\\InputField\\InputField.test.tsx","startTime":1785959420333,"status":"passed","summary":""},{"assertionResults":[{"ancestorTitles":["AuthContext"],"duration":10,"failing":false,"failureDetails":[],"failureMessages":[],"fullName":"AuthContext provides null values by default when localStorage is empty","invocations":1,"location":null,"numPassingAsserts":2,"retryReasons":[],"startAt":1785959420906,"status":"passed","title":"provides null values by default when localStorage is empty"},{"ancestorTitles":["AuthContext"],"duration":9,"failing":false,"failureDetails":[],"failureMessages":[],"fullName":"AuthContext sets user, token, and refreshToken on login","invocations":1,"location":null,"numPassingAsserts":2,"retryReasons":[],"startAt":1785959420916,"status":"passed","title":"sets user, token, and refreshToken on login"},{"ancestorTitles":["AuthContext"],"duration":10,"failing":false,"failureDetails":[],"failureMessages":[],"fullName":"AuthContext clears user, token, and refreshToken on logout","invocations":1,"location":null,"numPassingAsserts":3,"retryReasons":[],"startAt":1785959420926,"status":"passed","title":"clears user, token, and refreshToken on logout"},{"ancestorTitles":["AuthContext"],"duration":7,"failing":false,"failureDetails":[],"failureMessages":[],"fullName":"AuthContext persists user data to localStorage on login","invocations":1,"location":null,"numPassingAsserts":2,"retryReasons":[],"startAt":1785959420936,"status":"passed","title":"persists user data to localStorage on login"},{"ancestorTitles":["AuthContext"],"duration":8,"failing":false,"failureDetails":[],"failureMessages":[],"fullName":"AuthContext clears localStorage on logout","invocations":1,"location":null,"numPassingAsserts":2,"retryReasons":[],"startAt":1785959420943,"status":"passed","title":"clears localStorage on logout"},{"ancestorTitles":["AuthContext"],"duration":4,"failing":false,"failureDetails":[],"failureMessages":[],"fullName":"AuthContext restores user from localStorage on mount","invocations":1,"location":null,"numPassingAsserts":2,"retryReasons":[],"startAt":1785959420951,"status":"passed","title":"restores user from localStorage on mount"},{"ancestorTitles":["AuthContext"],"duration":32,"failing":false,"failureDetails":[],"failureMessages":[],"fullName":"AuthContext handles corrupted localStorage user gracefully","invocations":1,"location":null,"numPassingAsserts":1,"retryReasons":[],"startAt":1785959420955,"status":"passed","title":"handles corrupted localStorage user gracefully"}],"endTime":1785959420989,"message":"","name":"C:\\Users\\huber.SENECA\\Desktop\\Work\\Meal\\Meal-Selection\\src\\pages\\Auth\\AuthContext\\AuthContext.test.tsx","startTime":1785959420686,"status":"passed","summary":""},{"assertionResults":[{"ancestorTitles":["ForgotPassword Page"],"duration":17,"failing":false,"failureDetails":[],"failureMessages":[],"fullName":"ForgotPassword Page renders the Forgot Password heading","invocations":1,"location":null,"numPassingAsserts":1,"retryReasons":[],"startAt":1785959421235,"status":"passed","title":"renders the Forgot Password heading"},{"ancestorTitles":["ForgotPassword Page"],"duration":9,"failing":false,"failureDetails":[],"failureMessages":[],"fullName":"ForgotPassword Page renders the description text","invocations":1,"location":null,"numPassingAsserts":1,"retryReasons":[],"startAt":1785959421253,"status":"passed","title":"renders the description text"},{"ancestorTitles":["ForgotPassword Page"],"duration":6,"failing":false,"failureDetails":[],"failureMessages":[],"fullName":"ForgotPassword Page renders the forget password image","invocations":1,"location":null,"numPassingAsserts":1,"retryReasons":[],"startAt":1785959421262,"status":"passed","title":"renders the forget password image"},{"ancestorTitles":["ForgotPassword Page"],"duration":7,"failing":false,"failureDetails":[],"failureMessages":[],"fullName":"ForgotPassword Page renders Continue with Email link","invocations":1,"location":null,"numPassingAsserts":2,"retryReasons":[],"startAt":1785959421268,"status":"passed","title":"renders Continue with Email link"},{"ancestorTitles":["ForgotPassword Page"],"duration":12,"failing":false,"failureDetails":[],"failureMessages":[],"fullName":"ForgotPassword Page renders the NavBar with back navigation","invocations":1,"location":null,"numPassingAsserts":1,"retryReasons":[],"startAt":1785959421275,"status":"passed","title":"renders the NavBar with back navigation"}],"endTime":1785959421288,"message":"","name":"C:\\Users\\huber.SENECA\\Desktop\\Work\\Meal\\Meal-Selection\\src\\pages\\Auth\\ForgotPassword\\ForgotPassword.test.tsx","startTime":1785959421022,"status":"passed","summary":""},{"assertionResults":[{"ancestorTitles":["GoogleButton Component"],"duration":13,"failing":false,"failureDetails":[],"failureMessages":[],"fullName":"GoogleButton Component renders the button with Google text","invocations":1,"location":null,"numPassingAsserts":2,"retryReasons":[],"startAt":1785959421491,"status":"passed","title":"renders the button with Google text"},{"ancestorTitles":["GoogleButton Component"],"duration":6,"failing":false,"failureDetails":[],"failureMessages":[],"fullName":"GoogleButton Component renders the Google icon","invocations":1,"location":null,"numPassingAsserts":1,"retryReasons":[],"startAt":1785959421505,"status":"passed","title":"renders the Google icon"},{"ancestorTitles":["GoogleButton Component"],"duration":8,"failing":false,"failureDetails":[],"failureMessages":[],"fullName":"GoogleButton Component calls onClick when clicked","invocations":1,"location":null,"numPassingAsserts":1,"retryReasons":[],"startAt":1785959421511,"status":"passed","title":"calls onClick when clicked"},{"ancestorTitles":["GoogleButton Component"],"duration":8,"failing":false,"failureDetails":[],"failureMessages":[],"fullName":"GoogleButton Component applies custom style","invocations":1,"location":null,"numPassingAsserts":1,"retryReasons":[],"startAt":1785959421519,"status":"passed","title":"applies custom style"}],"endTime":1785959421528,"message":"","name":"C:\\Users\\huber.SENECA\\Desktop\\Work\\Meal\\Meal-Selection\\src\\components\\GoogleButton\\GoogleButton.test.tsx","startTime":1785959421303,"status":"passed","summary":""},{"assertionResults":[{"ancestorTitles":["ResetSuccess Page"],"duration":11,"failing":false,"failureDetails":[],"failureMessages":[],"fullName":"ResetSuccess Page renders the Successful heading","invocations":1,"location":null,"numPassingAsserts":1,"retryReasons":[],"startAt":1785959422144,"status":"passed","title":"renders the Successful heading"},{"ancestorTitles":["ResetSuccess Page"],"duration":5,"failing":false,"failureDetails":[],"failureMessages":[],"fullName":"ResetSuccess Page renders the success image","invocations":1,"location":null,"numPassingAsserts":1,"retryReasons":[],"startAt":1785959422155,"status":"passed","title":"renders the success image"},{"ancestorTitles":["ResetSuccess Page"],"duration":6,"failing":false,"failureDetails":[],"failureMessages":[],"fullName":"ResetSuccess Page renders the success description text","invocations":1,"location":null,"numPassingAsserts":1,"retryReasons":[],"startAt":1785959422161,"status":"passed","title":"renders the success description text"},{"ancestorTitles":["ResetSuccess Page"],"duration":14,"failing":false,"failureDetails":[],"failureMessages":[],"fullName":"ResetSuccess Page renders the Back To Login button","invocations":1,"location":null,"numPassingAsserts":1,"retryReasons":[],"startAt":1785959422168,"status":"passed","title":"renders the Back To Login button"}],"endTime":1785959422182,"message":"","name":"C:\\Users\\huber.SENECA\\Desktop\\Work\\Meal\\Meal-Selection\\src\\pages\\Auth\\ForgotPassword\\ResetSuccess\\ResetSuccess.test.tsx","startTime":1785959421543,"status":"passed","summary":""},{"assertionResults":[{"ancestorTitles":["Welcome Component"],"duration":12,"failing":false,"failureDetails":[],"failureMessages":[],"fullName":"Welcome Component renders the top image","invocations":1,"location":null,"numPassingAsserts":1,"retryReasons":[],"startAt":1785959423482,"status":"passed","title":"renders the top image"},{"ancestorTitles":["Welcome Component"],"duration":7,"failing":false,"failureDetails":[],"failureMessages":[],"fullName":"Welcome Component renders welcome message","invocations":1,"location":null,"numPassingAsserts":1,"retryReasons":[],"startAt":1785959423495,"status":"passed","title":"renders welcome message"},{"ancestorTitles":["Welcome Component"],"duration":8,"failing":false,"failureDetails":[],"failureMessages":[],"fullName":"Welcome Component renders description text","invocations":1,"location":null,"numPassingAsserts":1,"retryReasons":[],"startAt":1785959423502,"status":"passed","title":"renders description text"},{"ancestorTitles":["Welcome Component"],"duration":21,"failing":false,"failureDetails":[],"failureMessages":[],"fullName":"Welcome Component renders Login button","invocations":1,"location":null,"numPassingAsserts":1,"retryReasons":[],"startAt":1785959423510,"status":"passed","title":"renders Login button"},{"ancestorTitles":["Welcome Component"],"duration":7,"failing":false,"failureDetails":[],"failureMessages":[],"fullName":"Welcome Component renders Create an account link","invocations":1,"location":null,"numPassingAsserts":1,"retryReasons":[],"startAt":1785959423531,"status":"passed","title":"renders Create an account link"}],"endTime":1785959423540,"message":"","name":"C:\\Users\\huber.SENECA\\Desktop\\Work\\Meal\\Meal-Selection\\src\\tests\\Welcome.test.tsx","startTime":1785959422338,"status":"passed","summary":""},{"assertionResults":[{"ancestorTitles":["HomePage Component"],"duration":6,"failing":false,"failureDetails":[],"failureMessages":[],"fullName":"HomePage Component renders the Home Page text","invocations":1,"location":null,"numPassingAsserts":1,"retryReasons":[],"startAt":1785959423750,"status":"passed","title":"renders the Home Page text"},{"ancestorTitles":["HomePage Component"],"duration":3,"failing":false,"failureDetails":[],"failureMessages":[],"fullName":"HomePage Component renders as a div element","invocations":1,"location":null,"numPassingAsserts":1,"retryReasons":[],"startAt":1785959423756,"status":"passed","title":"renders as a div element"}],"endTime":1785959423760,"message":"","name":"C:\\Users\\huber.SENECA\\Desktop\\Work\\Meal\\Meal-Selection\\src\\pages\\HomePage\\HomePage.test.tsx","startTime":1785959423557,"status":"passed","summary":""},{"assertionResults":[{"ancestorTitles":["HeroImage Component"],"duration":8,"failing":false,"failureDetails":[],"failureMessages":[],"fullName":"HeroImage Component renders the hero image with correct alt text","invocations":1,"location":null,"numPassingAsserts":1,"retryReasons":[],"startAt":1785959423972,"status":"passed","title":"renders the hero image with correct alt text"},{"ancestorTitles":["HeroImage Component"],"duration":12,"failing":false,"failureDetails":[],"failureMessages":[],"fullName":"HeroImage Component renders as an img element","invocations":1,"location":null,"numPassingAsserts":1,"retryReasons":[],"startAt":1785959423980,"status":"passed","title":"renders as an img element"},{"ancestorTitles":["HeroImage Component"],"duration":3,"failing":false,"failureDetails":[],"failureMessages":[],"fullName":"HeroImage Component has a src attribute","invocations":1,"location":null,"numPassingAsserts":1,"retryReasons":[],"startAt":1785959423992,"status":"passed","title":"has a src attribute"}],"endTime":1785959423997,"message":"","name":"C:\\Users\\huber.SENECA\\Desktop\\Work\\Meal\\Meal-Selection\\src\\components\\HeroImage\\HeroImage.test.tsx","startTime":1785959423774,"status":"passed","summary":""},{"assertionResults":[{"ancestorTitles":["Container Component"],"duration":7,"failing":false,"failureDetails":[],"failureMessages":[],"fullName":"Container Component renders children correctly","invocations":1,"location":null,"numPassingAsserts":1,"retryReasons":[],"startAt":1785959424209,"status":"passed","title":"renders children correctly"},{"ancestorTitles":["Container Component"],"duration":3,"failing":false,"failureDetails":[],"failureMessages":[],"fullName":"Container Component renders as a div element","invocations":1,"location":null,"numPassingAsserts":1,"retryReasons":[],"startAt":1785959424217,"status":"passed","title":"renders as a div element"},{"ancestorTitles":["Container Component"],"duration":4,"failing":false,"failureDetails":[],"failureMessages":[],"fullName":"Container Component applies expected styling classes","invocations":1,"location":null,"numPassingAsserts":3,"retryReasons":[],"startAt":1785959424220,"status":"passed","title":"applies expected styling classes"}],"endTime":1785959424225,"message":"","name":"C:\\Users\\huber.SENECA\\Desktop\\Work\\Meal\\Meal-Selection\\src\\components\\Container\\Container.test.tsx","startTime":1785959424031,"status":"passed","summary":""},{"assertionResults":[{"ancestorTitles":["Card Component"],"duration":10,"failing":false,"failureDetails":[],"failureMessages":[],"fullName":"Card Component renders the title and description correctly","invocations":1,"location":null,"numPassingAsserts":3,"retryReasons":[],"startAt":1785959424465,"status":"passed","title":"renders the title and description correctly"},{"ancestorTitles":["Card Component"],"duration":4,"failing":false,"failureDetails":[],"failureMessages":[],"fullName":"Card Component calls onButtonClick when the card is clicked","invocations":1,"location":null,"numPassingAsserts":1,"retryReasons":[],"startAt":1785959424476,"status":"passed","title":"calls onButtonClick when the card is clicked"},{"ancestorTitles":["Card Component"],"duration":14,"failing":false,"failureDetails":[],"failureMessages":[],"fullName":"Card Component renders ellipsis button when type is menu and action is provided","invocations":1,"location":null,"numPassingAsserts":2,"retryReasons":[],"startAt":1785959424481,"status":"passed","title":"renders ellipsis button when type is menu and action is provided"},{"ancestorTitles":["Card Component"],"duration":6,"failing":false,"failureDetails":[],"failureMessages":[],"fullName":"Card Component does not render ellipsis button when type is activity","invocations":1,"location":null,"numPassingAsserts":1,"retryReasons":[],"startAt":1785959424495,"status":"passed","title":"does not render ellipsis button when type is activity"}],"endTime":1785959424502,"message":"","name":"C:\\Users\\huber.SENECA\\Desktop\\Work\\Meal\\Meal-Selection\\src\\components\\Card\\Card.test.tsx","startTime":1785959424250,"status":"passed","summary":""},{"assertionResults":[{"ancestorTitles":["Divider Component"],"duration":7,"failing":false,"failureDetails":[],"failureMessages":[],"fullName":"Divider Component renders label text when provided","invocations":1,"location":null,"numPassingAsserts":1,"retryReasons":[],"startAt":1785959424712,"status":"passed","title":"renders label text when provided"},{"ancestorTitles":["Divider Component"],"duration":6,"failing":false,"failureDetails":[],"failureMessages":[],"fullName":"Divider Component does not render label text when not provided","invocations":1,"location":null,"numPassingAsserts":1,"retryReasons":[],"startAt":1785959424720,"status":"passed","title":"does not render label text when not provided"},{"ancestorTitles":["Divider Component"],"duration":4,"failing":false,"failureDetails":[],"failureMessages":[],"fullName":"Divider Component renders two divider lines","invocations":1,"location":null,"numPassingAsserts":1,"retryReasons":[],"startAt":1785959424727,"status":"passed","title":"renders two divider lines"},{"ancestorTitles":["Divider Component"],"duration":4,"failing":false,"failureDetails":[],"failureMessages":[],"fullName":"Divider Component renders two divider lines even without label","invocations":1,"location":null,"numPassingAsserts":1,"retryReasons":[],"startAt":1785959424732,"status":"passed","title":"renders two divider lines even without label"}],"endTime":1785959424738,"message":"","name":"C:\\Users\\huber.SENECA\\Desktop\\Work\\Meal\\Meal-Selection\\src\\components\\Divider\\Divider.test.tsx","startTime":1785959424517,"status":"passed","summary":""},{"assertionResults":[{"ancestorTitles":["EmptyPage Component"],"duration":17,"failing":false,"failureDetails":[],"failureMessages":[],"fullName":"EmptyPage Component renders the item name correctly","invocations":1,"location":null,"numPassingAsserts":2,"retryReasons":[],"startAt":1785959424989,"status":"passed","title":"renders the item name correctly"}],"endTime":1785959425007,"message":"","name":"C:\\Users\\huber.SENECA\\Desktop\\Work\\Meal\\Meal-Selection\\src\\components\\EmptyPage\\EmptyPage.test.tsx","startTime":1785959424784,"status":"passed","summary":""},{"assertionResults":[{"ancestorTitles":["LoadingSpinner Component"],"duration":6,"failing":false,"failureDetails":[],"failureMessages":[],"fullName":"LoadingSpinner Component renders the spinner elements","invocations":1,"location":null,"numPassingAsserts":2,"retryReasons":[],"startAt":1785959425207,"status":"passed","title":"renders the spinner elements"}],"endTime":1785959425214,"message":"","name":"C:\\Users\\huber.SENECA\\Desktop\\Work\\Meal\\Meal-Selection\\src\\components\\LoadingSpinner\\LoadingSpinner.test.tsx","startTime":1785959425023,"status":"passed","summary":""}],"wasInterrupted":false}
